#
# There is insufficient memory for the Java Runtime Environment to continue.
# Native memory allocation (malloc) failed to allocate 102656 bytes. Error detail: Chunk::new
# Possible reasons:
#   The system is out of physical RAM or swap space
#   This process is running with CompressedOops enabled, and the Java Heap may be blocking the growth of the native heap
# Possible solutions:
#   Reduce memory load on the system
#   Increase physical memory or swap space
#   Check if swap backing store is full
#   Decrease Java heap size (-Xmx/-Xms)
#   Decrease number of Java threads
#   Decrease Java thread stack sizes (-Xss)
#   Set larger code cache with -XX:ReservedCodeCacheSize=
#   JVM is running with Zero Based Compressed Oops mode in which the Java heap is
#     placed in the first 32GB address space. The Java Heap base address is the
#     maximum limit for the native heap growth. Please use -XX:HeapBaseMinAddress
#     to set the Java Heap base and to place the Java Heap above 32GB virtual address.
# This output file may be truncated or incomplete.
#
#  Out of Memory Error (arena.cpp:168), pid=27676, tid=19628
#
# JRE version: OpenJDK Runtime Environment Corretto-21.0.6.7.1 (21.0.6+7) (build 21.0.6+7-LTS)
# Java VM: OpenJDK 64-Bit Server VM Corretto-21.0.6.7.1 (21.0.6+7-LTS, mixed mode, sharing, tiered, compressed oops, compressed class ptrs, g1 gc, windows-amd64)
# No core dump will be written. Minidumps are not enabled by default on client versions of Windows
#

---------------  S U M M A R Y ------------

Command Line: -javaagent:C:\Program Files\JetBrains\IntelliJ IDEA Community Edition 2024.3.1.1\lib\idea_rt.jar=53613 -Dfile.encoding=UTF-8 -Dsun.stdout.encoding=UTF-8 -Dsun.stderr.encoding=UTF-8 com.example.ClickhouseIngestionTool.ClickhouseIngestionToolApplication

Host: AMD Ryzen 5 5500U with Radeon Graphics         , 12 cores, 15G,  Windows 11 , 64 bit Build 26100 (10.0.26100.3775)
Time: Wed Apr 16 14:29:01 2025 India Standard Time elapsed time: 166.750625 seconds (0d 0h 2m 46s)

---------------  T H R E A D  ---------------

Current thread (0x0000025d9e258790):  JavaThread "C2 CompilerThread0" daemon [_thread_in_native, id=19628, stack(0x000000c6d2d00000,0x000000c6d2e00000) (1024K)]


Current CompileTask:
C2:166750 4170       4       java.io.File::hashCode (8 bytes)

Stack: [0x000000c6d2d00000,0x000000c6d2e00000]
Native frames: (J=compiled Java code, j=interpreted, Vv=VM code, C=native code)
V  [jvm.dll+0x6da5e9]
V  [jvm.dll+0x8b6b73]
V  [jvm.dll+0x8b8ece]
V  [jvm.dll+0x8b95b3]
V  [jvm.dll+0x286256]
V  [jvm.dll+0xc65ed]
V  [jvm.dll+0xc6b23]
V  [jvm.dll+0x2fbb80]
V  [jvm.dll+0x6015e9]
V  [jvm.dll+0x2576f2]
V  [jvm.dll+0x25003a]
V  [jvm.dll+0x24daae]
V  [jvm.dll+0x1cc3e4]
V  [jvm.dll+0x25d279]
V  [jvm.dll+0x25b82b]
V  [jvm.dll+0x3facb6]
V  [jvm.dll+0x85f868]
V  [jvm.dll+0x6d8ded]
C  [ucrtbase.dll+0x37b0]
C  [KERNEL32.DLL+0x2e8d7]
C  [ntdll.dll+0xb14fc]


---------------  P R O C E S S  ---------------

Threads class SMR info:
_java_thread_list=0x0000025dfec9a870, length=29, elements={
0x0000025d9e22f5d0, 0x0000025d9e2307a0, 0x0000025d9e237d20, 0x0000025d9e23c4c0,
0x0000025d9e23be30, 0x0000025d9e23cb50, 0x0000025d9e258790, 0x0000025d9e264510,
0x0000025d9e23d1e0, 0x0000025d9e23df00, 0x0000025d9e23d870, 0x0000025de5c8d770,
0x0000025de5c8ca50, 0x0000025de5c8de00, 0x0000025de5c8e490, 0x0000025de5c8bd30,
0x0000025de5c8d0e0, 0x0000025de5c90bf0, 0x0000025de5c8f1b0, 0x0000025de5c8f840,
0x0000025de5c8fed0, 0x0000025de5c91280, 0x0000025de5c91910, 0x0000025de5c90560,
0x0000025de5c91fa0, 0x0000025de5c8eb20, 0x0000025de5c92630, 0x0000025de5c92cc0,
0x0000025de5c93350
}

Java Threads: ( => current thread )
  0x0000025d9e22f5d0 JavaThread "Reference Handler"          daemon [_thread_blocked, id=27348, stack(0x000000c6d2700000,0x000000c6d2800000) (1024K)]
  0x0000025d9e2307a0 JavaThread "Finalizer"                  daemon [_thread_blocked, id=28344, stack(0x000000c6d2800000,0x000000c6d2900000) (1024K)]
  0x0000025d9e237d20 JavaThread "Signal Dispatcher"          daemon [_thread_blocked, id=6920, stack(0x000000c6d2900000,0x000000c6d2a00000) (1024K)]
  0x0000025d9e23c4c0 JavaThread "Attach Listener"            daemon [_thread_blocked, id=23516, stack(0x000000c6d2a00000,0x000000c6d2b00000) (1024K)]
  0x0000025d9e23be30 JavaThread "Service Thread"             daemon [_thread_blocked, id=2156, stack(0x000000c6d2b00000,0x000000c6d2c00000) (1024K)]
  0x0000025d9e23cb50 JavaThread "Monitor Deflation Thread"   daemon [_thread_blocked, id=22940, stack(0x000000c6d2c00000,0x000000c6d2d00000) (1024K)]
=>0x0000025d9e258790 JavaThread "C2 CompilerThread0"         daemon [_thread_in_native, id=19628, stack(0x000000c6d2d00000,0x000000c6d2e00000) (1024K)]
  0x0000025d9e264510 JavaThread "C1 CompilerThread0"         daemon [_thread_blocked, id=12940, stack(0x000000c6d2e00000,0x000000c6d2f00000) (1024K)]
  0x0000025d9e23d1e0 JavaThread "Common-Cleaner"             daemon [_thread_blocked, id=24572, stack(0x000000c6d2f00000,0x000000c6d3000000) (1024K)]
  0x0000025d9e23df00 JavaThread "Monitor Ctrl-Break"         daemon [_thread_in_native, id=28256, stack(0x000000c6d3100000,0x000000c6d3200000) (1024K)]
  0x0000025d9e23d870 JavaThread "Notification Thread"        daemon [_thread_blocked, id=27836, stack(0x000000c6d3200000,0x000000c6d3300000) (1024K)]
  0x0000025de5c8d770 JavaThread "Catalina-utility-1"                [_thread_blocked, id=27428, stack(0x000000c6d4100000,0x000000c6d4200000) (1024K)]
  0x0000025de5c8ca50 JavaThread "Catalina-utility-2"                [_thread_blocked, id=26536, stack(0x000000c6d4200000,0x000000c6d4300000) (1024K)]
  0x0000025de5c8de00 JavaThread "container-0"                       [_thread_blocked, id=14520, stack(0x000000c6d4300000,0x000000c6d4400000) (1024K)]
  0x0000025de5c8e490 JavaThread "File Watcher"               daemon [_thread_blocked, id=4612, stack(0x000000c6d4400000,0x000000c6d4500000) (1024K)]
  0x0000025de5c8bd30 JavaThread "Live Reload Server"         daemon [_thread_in_native, id=25844, stack(0x000000c6d4600000,0x000000c6d4700000) (1024K)]
  0x0000025de5c8d0e0 JavaThread "http-nio-9090-exec-1"       daemon [_thread_blocked, id=27476, stack(0x000000c6d4500000,0x000000c6d4600000) (1024K)]
  0x0000025de5c90bf0 JavaThread "http-nio-9090-exec-2"       daemon [_thread_blocked, id=1932, stack(0x000000c6d4700000,0x000000c6d4800000) (1024K)]
  0x0000025de5c8f1b0 JavaThread "http-nio-9090-exec-3"       daemon [_thread_blocked, id=25232, stack(0x000000c6d4800000,0x000000c6d4900000) (1024K)]
  0x0000025de5c8f840 JavaThread "http-nio-9090-exec-4"       daemon [_thread_blocked, id=14996, stack(0x000000c6d4900000,0x000000c6d4a00000) (1024K)]
  0x0000025de5c8fed0 JavaThread "http-nio-9090-exec-5"       daemon [_thread_blocked, id=13616, stack(0x000000c6d4a00000,0x000000c6d4b00000) (1024K)]
  0x0000025de5c91280 JavaThread "http-nio-9090-exec-6"       daemon [_thread_blocked, id=22020, stack(0x000000c6d4b00000,0x000000c6d4c00000) (1024K)]
  0x0000025de5c91910 JavaThread "http-nio-9090-exec-7"       daemon [_thread_blocked, id=23352, stack(0x000000c6d4c00000,0x000000c6d4d00000) (1024K)]
  0x0000025de5c90560 JavaThread "http-nio-9090-exec-8"       daemon [_thread_blocked, id=7352, stack(0x000000c6d4d00000,0x000000c6d4e00000) (1024K)]
  0x0000025de5c91fa0 JavaThread "http-nio-9090-exec-9"       daemon [_thread_blocked, id=25784, stack(0x000000c6d4e00000,0x000000c6d4f00000) (1024K)]
  0x0000025de5c8eb20 JavaThread "http-nio-9090-exec-10"      daemon [_thread_blocked, id=22348, stack(0x000000c6d4f00000,0x000000c6d5000000) (1024K)]
  0x0000025de5c92630 JavaThread "http-nio-9090-Poller"       daemon [_thread_in_native, id=27036, stack(0x000000c6d5000000,0x000000c6d5100000) (1024K)]
  0x0000025de5c92cc0 JavaThread "http-nio-9090-Acceptor"     daemon [_thread_in_native, id=24720, stack(0x000000c6d5100000,0x000000c6d5200000) (1024K)]
  0x0000025de5c93350 JavaThread "DestroyJavaVM"                     [_thread_blocked, id=26340, stack(0x000000c6d1f00000,0x000000c6d2000000) (1024K)]
Total: 29

Other Threads:
  0x0000025d9e214730 VMThread "VM Thread"                           [id=25392, stack(0x000000c6d2600000,0x000000c6d2700000) (1024K)]
  0x0000025d9e203360 WatcherThread "VM Periodic Task Thread"        [id=25828, stack(0x000000c6d2500000,0x000000c6d2600000) (1024K)]
  0x0000025dfec91e80 WorkerThread "GC Thread#0"                     [id=23168, stack(0x000000c6d2000000,0x000000c6d2100000) (1024K)]
  0x0000025d9e213ff0 WorkerThread "GC Thread#1"                     [id=25288, stack(0x000000c6d3500000,0x000000c6d3600000) (1024K)]
  0x0000025d9e214e70 WorkerThread "GC Thread#2"                     [id=26600, stack(0x000000c6d3600000,0x000000c6d3700000) (1024K)]
  0x0000025d9e215210 WorkerThread "GC Thread#3"                     [id=28540, stack(0x000000c6d3700000,0x000000c6d3800000) (1024K)]
  0x0000025d9e2138b0 WorkerThread "GC Thread#4"                     [id=26352, stack(0x000000c6d3800000,0x000000c6d3900000) (1024K)]
  0x0000025d9e213c50 WorkerThread "GC Thread#5"                     [id=25916, stack(0x000000c6d3900000,0x000000c6d3a00000) (1024K)]
  0x0000025d9e214ad0 WorkerThread "GC Thread#6"                     [id=26620, stack(0x000000c6d3b00000,0x000000c6d3c00000) (1024K)]
  0x0000025de4a114e0 WorkerThread "GC Thread#7"                     [id=27248, stack(0x000000c6d3c00000,0x000000c6d3d00000) (1024K)]
  0x0000025de4a11880 WorkerThread "GC Thread#8"                     [id=20924, stack(0x000000c6d3d00000,0x000000c6d3e00000) (1024K)]
  0x0000025de4a12aa0 WorkerThread "GC Thread#9"                     [id=19500, stack(0x000000c6d3e00000,0x000000c6d3f00000) (1024K)]
  0x0000025dfeca2500 ConcurrentGCThread "G1 Main Marker"            [id=20352, stack(0x000000c6d2100000,0x000000c6d2200000) (1024K)]
  0x0000025dfeca5630 WorkerThread "G1 Conc#0"                       [id=26824, stack(0x000000c6d2200000,0x000000c6d2300000) (1024K)]
  0x0000025de4a11fc0 WorkerThread "G1 Conc#1"                       [id=27408, stack(0x000000c6d3a00000,0x000000c6d3b00000) (1024K)]
  0x0000025de4a12700 WorkerThread "G1 Conc#2"                       [id=23044, stack(0x000000c6d4000000,0x000000c6d4100000) (1024K)]
  0x0000025d9e0d05e0 ConcurrentGCThread "G1 Refine#0"               [id=27264, stack(0x000000c6d2300000,0x000000c6d2400000) (1024K)]
  0x0000025d9e0d0b70 ConcurrentGCThread "G1 Service"                [id=17852, stack(0x000000c6d2400000,0x000000c6d2500000) (1024K)]
Total: 18

Threads with active compile tasks:
C2 CompilerThread0  166786 4170       4       java.io.File::hashCode (8 bytes)
Total: 1

VM state: not at safepoint (normal execution)

VM Mutex/Monitor currently owned by a thread: None

Heap address: 0x000000070ac00000, size: 3924 MB, Compressed Oops mode: Zero based, Oop shift amount: 3

CDS archive(s) mapped at: [0x0000025d9f000000-0x0000025d9fc80000-0x0000025d9fc80000), size 13107200, SharedBaseAddress: 0x0000025d9f000000, ArchiveRelocationMode: 1.
Compressed class space mapped at: 0x0000025da0000000-0x0000025de0000000, reserved size: 1073741824
Narrow klass base: 0x0000025d9f000000, Narrow klass shift: 0, Narrow klass range: 0x100000000

GC Precious Log:
 CardTable entry size: 512
 Card Set container configuration: InlinePtr #cards 4 size 8 Array Of Cards #cards 16 size 48 Howl #buckets 8 coarsen threshold 3686 Howl Bitmap #cards 512 size 80 coarsen threshold 460 Card regions per heap region 1 cards per card region 4096
 CPUs: 12 total, 12 available
 Memory: 15693M
 Large Page Support: Disabled
 NUMA Support: Disabled
 Compressed Oops: Enabled (Zero based)
 Heap Region Size: 2M
 Heap Min Capacity: 8M
 Heap Initial Capacity: 246M
 Heap Max Capacity: 3924M
 Pre-touch: Disabled
 Parallel Workers: 10
 Concurrent Workers: 3
 Concurrent Refinement Workers: 10
 Periodic GC: Disabled

Heap:
 garbage-first heap   total 59392K, used 35132K [0x000000070ac00000, 0x0000000800000000)
  region size 2048K, 16 young (32768K), 5 survivors (10240K)
 Metaspace       used 30364K, committed 30848K, reserved 1114112K
  class space    used 3772K, committed 3968K, reserved 1048576K

Heap Regions: E=young(eden), S=young(survivor), O=old, HS=humongous(starts), HC=humongous(continues), CS=collection set, F=free, TAMS=top-at-mark-start, PB=parsable bottom
|   0|0x000000070ac00000, 0x000000070ae00000, 0x000000070ae00000|100%| O|  |TAMS 0x000000070ac00000| PB 0x000000070ac00000| Untracked 
|   1|0x000000070ae00000, 0x000000070b000000, 0x000000070b000000|100%| O|  |TAMS 0x000000070ae00000| PB 0x000000070ae00000| Untracked 
|   2|0x000000070b000000, 0x000000070b06e2d0, 0x000000070b200000| 21%| O|Cm|TAMS 0x000000070b000000| PB 0x000000070b000000| Complete 
|   3|0x000000070b200000, 0x000000070b200000, 0x000000070b400000|  0%| F|  |TAMS 0x000000070b200000| PB 0x000000070b200000| Untracked 
|   4|0x000000070b400000, 0x000000070b400000, 0x000000070b600000|  0%| F|  |TAMS 0x000000070b400000| PB 0x000000070b400000| Untracked 
|   5|0x000000070b600000, 0x000000070b600000, 0x000000070b800000|  0%| F|  |TAMS 0x000000070b600000| PB 0x000000070b600000| Untracked 
|   6|0x000000070b800000, 0x000000070b800000, 0x000000070ba00000|  0%| F|  |TAMS 0x000000070b800000| PB 0x000000070b800000| Untracked 
|   7|0x000000070ba00000, 0x000000070ba00000, 0x000000070bc00000|  0%| F|  |TAMS 0x000000070ba00000| PB 0x000000070ba00000| Untracked 
|   8|0x000000070bc00000, 0x000000070bc00000, 0x000000070be00000|  0%| F|  |TAMS 0x000000070bc00000| PB 0x000000070bc00000| Untracked 
|   9|0x000000070be00000, 0x000000070be00000, 0x000000070c000000|  0%| F|  |TAMS 0x000000070be00000| PB 0x000000070be00000| Untracked 
|  10|0x000000070c000000, 0x000000070c000000, 0x000000070c200000|  0%| F|  |TAMS 0x000000070c000000| PB 0x000000070c000000| Untracked 
|  11|0x000000070c200000, 0x000000070c200000, 0x000000070c400000|  0%| F|  |TAMS 0x000000070c200000| PB 0x000000070c200000| Untracked 
|  12|0x000000070c400000, 0x000000070c400000, 0x000000070c600000|  0%| F|  |TAMS 0x000000070c400000| PB 0x000000070c400000| Untracked 
|  13|0x000000070c600000, 0x000000070c662930, 0x000000070c800000| 19%| E|  |TAMS 0x000000070c600000| PB 0x000000070c600000| Complete 
|  14|0x000000070c800000, 0x000000070ca00000, 0x000000070ca00000|100%| E|CS|TAMS 0x000000070c800000| PB 0x000000070c800000| Complete 
|  15|0x000000070ca00000, 0x000000070cc00000, 0x000000070cc00000|100%| E|CS|TAMS 0x000000070ca00000| PB 0x000000070ca00000| Complete 
|  16|0x000000070cc00000, 0x000000070ce00000, 0x000000070ce00000|100%| E|CS|TAMS 0x000000070cc00000| PB 0x000000070cc00000| Complete 
|  17|0x000000070ce00000, 0x000000070d000000, 0x000000070d000000|100%| E|CS|TAMS 0x000000070ce00000| PB 0x000000070ce00000| Complete 
|  18|0x000000070d000000, 0x000000070d200000, 0x000000070d200000|100%| E|CS|TAMS 0x000000070d000000| PB 0x000000070d000000| Complete 
|  19|0x000000070d200000, 0x000000070d400000, 0x000000070d400000|100%| S|CS|TAMS 0x000000070d200000| PB 0x000000070d200000| Complete 
|  20|0x000000070d400000, 0x000000070d600000, 0x000000070d600000|100%| S|CS|TAMS 0x000000070d400000| PB 0x000000070d400000| Complete 
|  21|0x000000070d600000, 0x000000070d800000, 0x000000070d800000|100%| S|CS|TAMS 0x000000070d600000| PB 0x000000070d600000| Complete 
|  22|0x000000070d800000, 0x000000070da00000, 0x000000070da00000|100%| S|CS|TAMS 0x000000070d800000| PB 0x000000070d800000| Complete 
|  23|0x000000070da00000, 0x000000070dbe0e68, 0x000000070dc00000| 93%| S|CS|TAMS 0x000000070da00000| PB 0x000000070da00000| Complete 
|  98|0x0000000717000000, 0x0000000717200000, 0x0000000717200000|100%| E|CS|TAMS 0x0000000717000000| PB 0x0000000717000000| Complete 
|  99|0x0000000717200000, 0x0000000717400000, 0x0000000717400000|100%| E|CS|TAMS 0x0000000717200000| PB 0x0000000717200000| Complete 
| 100|0x0000000717400000, 0x0000000717600000, 0x0000000717600000|100%| E|CS|TAMS 0x0000000717400000| PB 0x0000000717400000| Complete 
| 101|0x0000000717600000, 0x0000000717800000, 0x0000000717800000|100%| E|CS|TAMS 0x0000000717600000| PB 0x0000000717600000| Complete 
| 122|0x000000071a000000, 0x000000071a200000, 0x000000071a200000|100%| E|CS|TAMS 0x000000071a000000| PB 0x000000071a000000| Complete 

Card table byte_map: [0x0000025d97620000,0x0000025d97dd0000] _byte_map_base: 0x0000025d93dca000

Marking Bits: (CMBitMap*) 0x0000025dfec92580
 Bits: [0x0000025d97dd0000, 0x0000025d9bb20000)

Polling page: 0x0000025dfca30000

Metaspace:

Usage:
  Non-class:     25.97 MB used.
      Class:      3.68 MB used.
       Both:     29.65 MB used.

Virtual space:
  Non-class space:       64.00 MB reserved,      26.25 MB ( 41%) committed,  1 nodes.
      Class space:        1.00 GB reserved,       3.88 MB ( <1%) committed,  1 nodes.
             Both:        1.06 GB reserved,      30.12 MB (  3%) committed. 

Chunk freelists:
   Non-Class:  5.78 MB
       Class:  11.94 MB
        Both:  17.72 MB

MaxMetaspaceSize: unlimited
CompressedClassSpaceSize: 1.00 GB
Initial GC threshold: 21.00 MB
Current GC threshold: 35.31 MB
CDS: on
 - commit_granule_bytes: 65536.
 - commit_granule_words: 8192.
 - virtual_space_node_default_size: 8388608.
 - enlarge_chunks_in_place: 1.
 - use_allocation_guard: 0.


Internal statistics:

num_allocs_failed_limit: 3.
num_arena_births: 636.
num_arena_deaths: 0.
num_vsnodes_births: 2.
num_vsnodes_deaths: 0.
num_space_committed: 482.
num_space_uncommitted: 0.
num_chunks_returned_to_freelist: 3.
num_chunks_taken_from_freelist: 1773.
num_chunk_merges: 3.
num_chunk_splits: 1163.
num_chunks_enlarged: 804.
num_inconsistent_stats: 0.

CodeHeap 'non-profiled nmethods': size=120000Kb used=2241Kb max_used=2241Kb free=117759Kb
 bounds [0x0000025d900f0000, 0x0000025d90360000, 0x0000025d97620000]
CodeHeap 'profiled nmethods': size=120000Kb used=8151Kb max_used=8151Kb free=111848Kb
 bounds [0x0000025d88620000, 0x0000025d88e20000, 0x0000025d8fb50000]
CodeHeap 'non-nmethods': size=5760Kb used=1484Kb max_used=1533Kb free=4275Kb
 bounds [0x0000025d8fb50000, 0x0000025d8fdc0000, 0x0000025d900f0000]
 total_blobs=4728 nmethods=4166 adapters=466
 compilation: enabled
              stopped_count=0, restarted_count=0
 full_count=0

Compilation events (20 events):
Event: 151.164 Thread 0x0000025d9e264510 nmethod 4160 0x0000025d88e11890 code [0x0000025d88e11b80, 0x0000025d88e12a68]
Event: 154.450 Thread 0x0000025d9e264510 4161       3       java.util.concurrent.locks.ReentrantReadWriteLock$Sync::tryAcquireShared (177 bytes)
Event: 154.452 Thread 0x0000025d9e264510 nmethod 4161 0x0000025d88e13010 code [0x0000025d88e132c0, 0x0000025d88e14170]
Event: 154.452 Thread 0x0000025d9e264510 4162       3       java.util.concurrent.locks.ReentrantReadWriteLock$Sync::sharedCount (5 bytes)
Event: 154.452 Thread 0x0000025d9e264510 nmethod 4162 0x0000025d88e14610 code [0x0000025d88e147a0, 0x0000025d88e14890]
Event: 154.452 Thread 0x0000025d9e264510 4163       3       java.util.concurrent.locks.ReentrantReadWriteLock$NonfairSync::readerShouldBlock (5 bytes)
Event: 154.452 Thread 0x0000025d9e264510 nmethod 4163 0x0000025d88e14910 code [0x0000025d88e14ac0, 0x0000025d88e14bf8]
Event: 154.452 Thread 0x0000025d9e264510 4164       3       java.util.concurrent.locks.AbstractQueuedSynchronizer::apparentlyFirstQueuedIsExclusive (38 bytes)
Event: 154.452 Thread 0x0000025d9e264510 nmethod 4164 0x0000025d88e14c90 code [0x0000025d88e14e40, 0x0000025d88e15188]
Event: 154.452 Thread 0x0000025d9e264510 4165       3       java.util.concurrent.locks.ReentrantReadWriteLock$ReadLock::unlock (10 bytes)
Event: 154.453 Thread 0x0000025d9e264510 nmethod 4165 0x0000025d88e15290 code [0x0000025d88e15460, 0x0000025d88e15740]
Event: 154.453 Thread 0x0000025d9e264510 4166       1       org.apache.catalina.LifecycleState::isAvailable (5 bytes)
Event: 154.453 Thread 0x0000025d9e264510 nmethod 4166 0x0000025d9031f910 code [0x0000025d9031faa0, 0x0000025d9031fb70]
Event: 156.451 Thread 0x0000025d9e258790 4167       4       java.util.LinkedHashMap$LinkedKeySet::iterator (16 bytes)
Event: 156.454 Thread 0x0000025d9e258790 nmethod 4167 0x0000025d9031fc10 code [0x0000025d9031fda0, 0x0000025d9031ffd0]
Event: 162.162 Thread 0x0000025d9e258790 4168       4       jdk.internal.misc.Unsafe::weakCompareAndSetInt (11 bytes)
Event: 162.162 Thread 0x0000025d9e258790 nmethod 4168 0x0000025d90320110 code [0x0000025d903202a0, 0x0000025d90320338]
Event: 162.847 Thread 0x0000025d9e264510 4169       3       org.apache.juli.logging.DirectJDKLog::isTraceEnabled (11 bytes)
Event: 162.848 Thread 0x0000025d9e264510 nmethod 4169 0x0000025d88e15890 code [0x0000025d88e15a40, 0x0000025d88e15ce0]
Event: 166.741 Thread 0x0000025d9e258790 4170       4       java.io.File::hashCode (8 bytes)

GC Heap History (8 events):
Event: 1.226 GC heap before
{Heap before GC invocations=0 (full 0):
 garbage-first heap   total 251904K, used 22528K [0x000000070ac00000, 0x0000000800000000)
  region size 2048K, 11 young (22528K), 0 survivors (0K)
 Metaspace       used 6412K, committed 6592K, reserved 1114112K
  class space    used 732K, committed 832K, reserved 1048576K
}
Event: 1.233 GC heap after
{Heap after GC invocations=1 (full 0):
 garbage-first heap   total 251904K, used 4402K [0x000000070ac00000, 0x0000000800000000)
  region size 2048K, 2 young (4096K), 2 survivors (4096K)
 Metaspace       used 6412K, committed 6592K, reserved 1114112K
  class space    used 732K, committed 832K, reserved 1048576K
}
Event: 2.154 GC heap before
{Heap before GC invocations=1 (full 0):
 garbage-first heap   total 251904K, used 35122K [0x000000070ac00000, 0x0000000800000000)
  region size 2048K, 18 young (36864K), 2 survivors (4096K)
 Metaspace       used 14728K, committed 15040K, reserved 1114112K
  class space    used 1796K, committed 1920K, reserved 1048576K
}
Event: 2.163 GC heap after
{Heap after GC invocations=2 (full 0):
 garbage-first heap   total 251904K, used 7348K [0x000000070ac00000, 0x0000000800000000)
  region size 2048K, 2 young (4096K), 2 survivors (4096K)
 Metaspace       used 14728K, committed 15040K, reserved 1114112K
  class space    used 1796K, committed 1920K, reserved 1048576K
}
Event: 3.536 GC heap before
{Heap before GC invocations=2 (full 0):
 garbage-first heap   total 251904K, used 44212K [0x000000070ac00000, 0x0000000800000000)
  region size 2048K, 21 young (43008K), 2 survivors (4096K)
 Metaspace       used 21160K, committed 21504K, reserved 1114112K
  class space    used 2587K, committed 2752K, reserved 1048576K
}
Event: 3.543 GC heap after
{Heap after GC invocations=3 (full 0):
 garbage-first heap   total 251904K, used 11259K [0x000000070ac00000, 0x0000000800000000)
  region size 2048K, 4 young (8192K), 4 survivors (8192K)
 Metaspace       used 21160K, committed 21504K, reserved 1114112K
  class space    used 2587K, committed 2752K, reserved 1048576K
}
Event: 4.841 GC heap before
{Heap before GC invocations=4 (full 0):
 garbage-first heap   total 49152K, used 46075K [0x000000070ac00000, 0x0000000800000000)
  region size 2048K, 21 young (43008K), 4 survivors (8192K)
 Metaspace       used 27292K, committed 27776K, reserved 1114112K
  class space    used 3393K, committed 3584K, reserved 1048576K
}
Event: 4.853 GC heap after
{Heap after GC invocations=5 (full 0):
 garbage-first heap   total 59392K, used 14652K [0x000000070ac00000, 0x0000000800000000)
  region size 2048K, 5 young (10240K), 5 survivors (10240K)
 Metaspace       used 27292K, committed 27776K, reserved 1114112K
  class space    used 3393K, committed 3584K, reserved 1048576K
}

Dll operation events (12 events):
Event: 0.018 Loaded shared library C:\Users\HP\.jdks\corretto-21.0.6\bin\java.dll
Event: 0.075 Loaded shared library C:\Users\HP\.jdks\corretto-21.0.6\bin\jsvml.dll
Event: 0.203 Loaded shared library C:\Users\HP\.jdks\corretto-21.0.6\bin\zip.dll
Event: 0.208 Loaded shared library C:\Users\HP\.jdks\corretto-21.0.6\bin\instrument.dll
Event: 0.218 Loaded shared library C:\Users\HP\.jdks\corretto-21.0.6\bin\net.dll
Event: 0.221 Loaded shared library C:\Users\HP\.jdks\corretto-21.0.6\bin\nio.dll
Event: 0.226 Loaded shared library C:\Users\HP\.jdks\corretto-21.0.6\bin\zip.dll
Event: 0.328 Loaded shared library C:\Users\HP\.jdks\corretto-21.0.6\bin\extnet.dll
Event: 0.384 Loaded shared library C:\Users\HP\.jdks\corretto-21.0.6\bin\jimage.dll
Event: 0.861 Loaded shared library C:\Users\HP\.jdks\corretto-21.0.6\bin\management.dll
Event: 0.870 Loaded shared library C:\Users\HP\.jdks\corretto-21.0.6\bin\management_ext.dll
Event: 2.374 Loaded shared library C:\Users\HP\.jdks\corretto-21.0.6\bin\sunmscapi.dll

Deoptimization events (20 events):
Event: 5.109 Thread 0x0000025d9e23ec20 DEOPT PACKING pc=0x0000025d9016fd0c sp=0x000000c6d34fe800
Event: 5.109 Thread 0x0000025d9e23ec20 DEOPT UNPACKING pc=0x0000025d8fba46a2 sp=0x000000c6d34fe790 mode 2
Event: 5.116 Thread 0x0000025d9e23ec20 Uncommon trap: trap_request=0xffffff45 fr.pc=0x0000025d90201ce0 relative=0x0000000000000fa0
Event: 5.116 Thread 0x0000025d9e23ec20 Uncommon trap: reason=unstable_if action=reinterpret pc=0x0000025d90201ce0 method=jdk.internal.jimage.ImageLocation.verifyName(Ljava/lang/String;Ljava/lang/String;IIIIIILjdk/internal/jimage/ImageStrings;)Z @ 2 c2
Event: 5.117 Thread 0x0000025d9e23ec20 DEOPT PACKING pc=0x0000025d90201ce0 sp=0x000000c6d34fca60
Event: 5.117 Thread 0x0000025d9e23ec20 DEOPT UNPACKING pc=0x0000025d8fba46a2 sp=0x000000c6d34fc938 mode 2
Event: 5.138 Thread 0x0000025d9e23ec20 Uncommon trap: trap_request=0xffffff45 fr.pc=0x0000025d902c1e58 relative=0x00000000000005d8
Event: 5.138 Thread 0x0000025d9e23ec20 Uncommon trap: reason=unstable_if action=reinterpret pc=0x0000025d902c1e58 method=java.lang.Integer.stringSize(I)I @ 19 c2
Event: 5.138 Thread 0x0000025d9e23ec20 DEOPT PACKING pc=0x0000025d902c1e58 sp=0x000000c6d34fdac0
Event: 5.138 Thread 0x0000025d9e23ec20 DEOPT UNPACKING pc=0x0000025d8fba46a2 sp=0x000000c6d34fd9b0 mode 2
Event: 20.554 Thread 0x0000025de5c8e490 DEOPT PACKING pc=0x0000025d88ccf9d2 sp=0x000000c6d44fed40
Event: 20.554 Thread 0x0000025de5c8e490 DEOPT UNPACKING pc=0x0000025d8fba4e42 sp=0x000000c6d44fe208 mode 0
Event: 27.483 Thread 0x0000025de5c8d0e0 Uncommon trap: trap_request=0xffffff6e fr.pc=0x0000025d901f5760 relative=0x00000000000001c0
Event: 27.483 Thread 0x0000025de5c8d0e0 Uncommon trap: reason=loop_limit_check action=maybe_recompile pc=0x0000025d901f5760 method=java.lang.StringLatin1.lastIndexOf([BII)I @ 19 c2
Event: 27.483 Thread 0x0000025de5c8d0e0 DEOPT PACKING pc=0x0000025d901f5760 sp=0x000000c6d45fd500
Event: 27.483 Thread 0x0000025de5c8d0e0 DEOPT UNPACKING pc=0x0000025d8fba46a2 sp=0x000000c6d45fd3b8 mode 2
Event: 88.206 Thread 0x0000025de5c8fed0 Uncommon trap: trap_request=0xffffff54 fr.pc=0x0000025d901d9928 relative=0x00000000000016e8
Event: 88.206 Thread 0x0000025de5c8fed0 Uncommon trap: reason=speculate_null_assert action=make_not_entrant pc=0x0000025d901d9928 method=jdk.internal.util.ReferencedKeyMap.internKey(Ljdk/internal/util/ReferencedKeyMap;Ljava/lang/Object;)Ljava/lang/Object; @ 28 c2
Event: 88.206 Thread 0x0000025de5c8fed0 DEOPT PACKING pc=0x0000025d901d9928 sp=0x000000c6d4afdd60
Event: 88.206 Thread 0x0000025de5c8fed0 DEOPT UNPACKING pc=0x0000025d8fba46a2 sp=0x000000c6d4afdbb0 mode 2

Classes loaded (20 events):
Event: 27.374 Loading class sun/nio/cs/ThreadLocalCoders$2
Event: 27.374 Loading class sun/nio/cs/ThreadLocalCoders$2 done
Event: 27.493 Loading class java/util/stream/ReferencePipeline$4
Event: 27.493 Loading class java/util/stream/ReferencePipeline$4 done
Event: 27.493 Loading class java/util/function/IntBinaryOperator
Event: 27.493 Loading class java/util/function/IntBinaryOperator done
Event: 27.494 Loading class java/util/stream/ReduceOps$7
Event: 27.494 Loading class java/util/stream/ReduceOps$7 done
Event: 27.494 Loading class java/util/stream/ReduceOps$6ReducingSink
Event: 27.494 Loading class java/util/stream/ReduceOps$6ReducingSink done
Event: 27.494 Loading class java/util/stream/ReferencePipeline$4$1
Event: 27.494 Loading class java/util/stream/ReferencePipeline$4$1 done
Event: 27.494 Loading class java/util/OptionalInt
Event: 27.494 Loading class java/util/OptionalInt done
Event: 27.497 Loading class java/util/ArrayList$SubList$2
Event: 27.498 Loading class java/util/ArrayList$SubList$2 done
Event: 27.511 Loading class java/time/format/DateTimeFormatterBuilder$ZoneTextPrinterParser
Event: 27.511 Loading class java/time/format/DateTimeFormatterBuilder$ZoneTextPrinterParser done
Event: 27.512 Loading class java/time/format/DateTimeFormatterBuilder$ReducedPrinterParser
Event: 27.512 Loading class java/time/format/DateTimeFormatterBuilder$ReducedPrinterParser done

Classes unloaded (0 events):
No events

Classes redefined (0 events):
No events

Internal exceptions (20 events):
Event: 3.917 Thread 0x0000025d9e23ec20 Exception <a 'java/lang/NoSuchMethodError'{0x000000070c874a10}: 'java.lang.Object java.lang.invoke.DirectMethodHandle$Holder.invokeStaticInit(java.lang.Object, int, int, int, int)'> (0x000000070c874a10) 
thrown [s\src\hotspot\share\interpreter\linkResolver.cpp, line 773]
Event: 3.960 Thread 0x0000025d9e23ec20 Exception <a 'java/lang/NoSuchMethodError'{0x000000070c9426b0}: 'java.lang.Object java.lang.invoke.DirectMethodHandle$Holder.invokeStaticInit(java.lang.Object, java.lang.Object, int, int, int, int)'> (0x000000070c9426b0) 
thrown [s\src\hotspot\share\interpreter\linkResolver.cpp, line 773]
Event: 4.124 Thread 0x0000025d9e23ec20 Exception <a 'sun/nio/fs/WindowsException'{0x000000070c290088}> (0x000000070c290088) 
thrown [s\src\hotspot\share\prims\jni.cpp, line 520]
Event: 4.126 Thread 0x0000025d9e23ec20 Exception <a 'sun/nio/fs/WindowsException'{0x000000070c2907b8}> (0x000000070c2907b8) 
thrown [s\src\hotspot\share\prims\jni.cpp, line 520]
Event: 4.134 Thread 0x0000025d9e23ec20 Exception <a 'java/lang/NoSuchMethodError'{0x000000070c2ac528}: 'int java.lang.invoke.DirectMethodHandle$Holder.invokeVirtual(java.lang.Object, java.lang.Object, java.lang.Object, java.lang.Object)'> (0x000000070c2ac528) 
thrown [s\src\hotspot\share\interpreter\linkResolver.cpp, line 773]
Event: 4.134 Thread 0x0000025d9e23ec20 Exception <a 'java/lang/NoSuchMethodError'{0x000000070c2affb0}: 'int java.lang.invoke.DelegatingMethodHandle$Holder.reinvoke_L(java.lang.Object, java.lang.Object, java.lang.Object, java.lang.Object)'> (0x000000070c2affb0) 
thrown [s\src\hotspot\share\interpreter\linkResolver.cpp, line 773]
Event: 4.172 Thread 0x0000025d9e23ec20 Exception <a 'java/io/FileNotFoundException'{0x000000070c39e370}> (0x000000070c39e370) 
thrown [s\src\hotspot\share\prims\jni.cpp, line 520]
Event: 4.241 Thread 0x0000025d9e23ec20 Exception <a 'java/lang/NoSuchMethodError'{0x000000070c145788}: 'int java.lang.invoke.DirectMethodHandle$Holder.invokeInterface(java.lang.Object, java.lang.Object, java.lang.Object, java.lang.Object)'> (0x000000070c145788) 
thrown [s\src\hotspot\share\interpreter\linkResolver.cpp, line 773]
Event: 4.314 Thread 0x0000025d9e23ec20 Exception <a 'java/lang/NoSuchMethodError'{0x000000070beda9b0}: 'long java.lang.invoke.DirectMethodHandle$Holder.invokeVirtual(java.lang.Object, java.lang.Object)'> (0x000000070beda9b0) 
thrown [s\src\hotspot\share\interpreter\linkResolver.cpp, line 773]
Event: 4.321 Thread 0x0000025d9e23ec20 Exception <a 'java/io/FileNotFoundException'{0x000000070bf03540}> (0x000000070bf03540) 
thrown [s\src\hotspot\share\prims\jni.cpp, line 520]
Event: 4.394 Thread 0x0000025d9e23ec20 Exception <a 'java/lang/NoSuchMethodError'{0x000000070ba13e98}: 'void java.lang.invoke.Invokers$Holder.invokeExact_MT(java.lang.Object, java.lang.Object, java.lang.Object, java.lang.Object)'> (0x000000070ba13e98) 
thrown [s\src\hotspot\share\interpreter\linkResolver.cpp, line 773]
Event: 4.497 Thread 0x0000025d9e23ec20 Exception <a 'java/lang/NoSuchMethodError'{0x000000070b862a60}: 'java.lang.Object java.lang.invoke.DirectMethodHandle$Holder.newInvokeSpecial(java.lang.Object, java.lang.Object, java.lang.Object, java.lang.Object, java.lang.Object, java.lang.Object, java.lang.Object, java.lang.Object)'> (0x000000070b862a60) 
thrown [s\src\hotspot\share\interpreter\linkResolver.cpp, line 773]
Event: 4.792 Thread 0x0000025d9e23ec20 Exception <a 'java/lang/IncompatibleClassChangeError'{0x000000070b329358}: Found class java.lang.Object, but interface was expected> (0x000000070b329358) 
thrown [s\src\hotspot\share\interpreter\linkResolver.cpp, line 840]
Event: 4.869 Thread 0x0000025d9e23ec20 Exception <a 'java/lang/NoSuchMethodError'{0x000000071a050500}: 'void java.lang.invoke.DirectMethodHandle$Holder.invokeVirtual(java.lang.Object, java.lang.Object, long)'> (0x000000071a050500) 
thrown [s\src\hotspot\share\interpreter\linkResolver.cpp, line 773]
Event: 4.940 Thread 0x0000025d9e23ec20 Exception <a 'java/lang/NoSuchMethodError'{0x0000000717773218}: 'int java.lang.invoke.DirectMethodHandle$Holder.invokeStaticInit(java.lang.Object, java.lang.Object, java.lang.Object, java.lang.Object)'> (0x0000000717773218) 
thrown [s\src\hotspot\share\interpreter\linkResolver.cpp, line 773]
Event: 5.113 Thread 0x0000025d9e23ec20 Exception <a 'java/lang/NoSuchMethodError'{0x00000007173ac810}: 'java.lang.Object java.lang.invoke.DirectMethodHandle$Holder.newInvokeSpecial(java.lang.Object, java.lang.Object, int, java.lang.Object, java.lang.Object)'> (0x00000007173ac810) 
thrown [s\src\hotspot\share\interpreter\linkResolver.cpp, line 773]
Event: 27.367 Thread 0x0000025de5c8d0e0 Exception <a 'java/lang/NoSuchMethodError'{0x000000070ccc8d78}: 'java.lang.Object java.lang.invoke.DirectMethodHandle$Holder.invokeSpecial(java.lang.Object, java.lang.Object, java.lang.Object, java.lang.Object, java.lang.Object, long)'> (0x000000070ccc8d78) 
thrown [s\src\hotspot\share\interpreter\linkResolver.cpp, line 773]
Event: 27.367 Thread 0x0000025de5c8d0e0 Exception <a 'java/lang/NoSuchMethodError'{0x000000070cccc548}: 'java.lang.Object java.lang.invoke.Invokers$Holder.linkToTargetMethod(java.lang.Object, java.lang.Object, java.lang.Object, long, java.lang.Object)'> (0x000000070cccc548) 
thrown [s\src\hotspot\share\interpreter\linkResolver.cpp, line 773]
Event: 27.454 Thread 0x0000025de5c8d0e0 Exception <a 'java/lang/NoSuchMethodError'{0x000000070ca7a148}: 'int java.lang.invoke.DirectMethodHandle$Holder.invokeVirtual(java.lang.Object, java.lang.Object, java.lang.Object)'> (0x000000070ca7a148) 
thrown [s\src\hotspot\share\interpreter\linkResolver.cpp, line 773]
Event: 27.497 Thread 0x0000025de5c8d0e0 Exception <a 'java/lang/NoSuchMethodError'{0x000000070cb556d8}: 'java.lang.Object java.lang.invoke.DirectMethodHandle$Holder.invokeStatic(java.lang.Object, int, int)'> (0x000000070cb556d8) 
thrown [s\src\hotspot\share\interpreter\linkResolver.cpp, line 773]

ZGC Phase Switch (0 events):
No events

VM Operations (20 events):
Event: 60.073 Executing VM operation: HandshakeAllThreads (HandshakeForDeflation)
Event: 60.073 Executing VM operation: HandshakeAllThreads (HandshakeForDeflation) done
Event: 60.073 Executing VM operation: RendezvousGCThreads
Event: 60.073 Executing VM operation: RendezvousGCThreads done
Event: 70.196 Executing VM operation: Cleanup
Event: 70.196 Executing VM operation: Cleanup done
Event: 71.211 Executing VM operation: Cleanup
Event: 71.211 Executing VM operation: Cleanup done
Event: 88.362 Executing VM operation: Cleanup
Event: 88.362 Executing VM operation: Cleanup done
Event: 89.378 Executing VM operation: Cleanup
Event: 89.378 Executing VM operation: Cleanup done
Event: 120.192 Executing VM operation: HandshakeAllThreads (HandshakeForDeflation)
Event: 120.192 Executing VM operation: HandshakeAllThreads (HandshakeForDeflation) done
Event: 120.192 Executing VM operation: RendezvousGCThreads
Event: 120.192 Executing VM operation: RendezvousGCThreads done
Event: 125.244 Executing VM operation: Cleanup
Event: 125.244 Executing VM operation: Cleanup done
Event: 139.372 Executing VM operation: Cleanup
Event: 139.372 Executing VM operation: Cleanup done

Memory protections (0 events):
No events

Nmethod flushes (0 events):
No events

Events (20 events):
Event: 5.095 Thread 0x0000025de5c8eb20 Thread exited: 0x0000025de5c8eb20
Event: 5.095 Thread 0x0000025d9e23ec20 Thread added: 0x0000025de5c8bd30
Event: 5.125 Thread 0x0000025d9e23ec20 Thread added: 0x0000025de5c8d0e0
Event: 5.125 Thread 0x0000025d9e23ec20 Thread added: 0x0000025de5c90bf0
Event: 5.125 Thread 0x0000025d9e23ec20 Thread added: 0x0000025de5c8f1b0
Event: 5.126 Thread 0x0000025d9e23ec20 Thread added: 0x0000025de5c8f840
Event: 5.126 Thread 0x0000025d9e23ec20 Thread added: 0x0000025de5c8fed0
Event: 5.126 Thread 0x0000025d9e23ec20 Thread added: 0x0000025de5c91280
Event: 5.126 Thread 0x0000025d9e23ec20 Thread added: 0x0000025de5c91910
Event: 5.126 Thread 0x0000025d9e23ec20 Thread added: 0x0000025de5c90560
Event: 5.126 Thread 0x0000025d9e23ec20 Thread added: 0x0000025de5c91fa0
Event: 5.126 Thread 0x0000025d9e23ec20 Thread added: 0x0000025de5c8eb20
Event: 5.146 Thread 0x0000025d9e23ec20 Thread added: 0x0000025de5c92630
Event: 5.148 Thread 0x0000025d9e23ec20 Thread added: 0x0000025de5c92cc0
Event: 5.175 Thread 0x0000025d9e23ec20 Thread exited: 0x0000025d9e23ec20
Event: 5.178 Thread 0x0000025d9e23e590 Thread exited: 0x0000025d9e23e590
Event: 5.179 Thread 0x0000025dfc7b60a0 Thread exited: 0x0000025dfc7b60a0
Event: 5.179 Thread 0x0000025de5c93350 Thread added: 0x0000025de5c93350
Event: 6.123 Thread 0x0000025d9e260e90 Thread exited: 0x0000025d9e260e90
Event: 6.123 Thread 0x0000025d9e262300 Thread exited: 0x0000025d9e262300


Dynamic libraries:
0x00007ff742990000 - 0x00007ff74299e000 	C:\Users\HP\.jdks\corretto-21.0.6\bin\java.exe
0x00007ffb59a20000 - 0x00007ffb59c80000 	C:\WINDOWS\SYSTEM32\ntdll.dll
0x00007ffb57960000 - 0x00007ffb57a27000 	C:\WINDOWS\System32\KERNEL32.DLL
0x00007ffb572d0000 - 0x00007ffb5769a000 	C:\WINDOWS\System32\KERNELBASE.dll
0x00007ffb56cb0000 - 0x00007ffb56dfb000 	C:\WINDOWS\System32\ucrtbase.dll
0x00007ffb4b4d0000 - 0x00007ffb4b4e8000 	C:\Users\HP\.jdks\corretto-21.0.6\bin\jli.dll
0x00007ffb4f730000 - 0x00007ffb4f74b000 	C:\Users\HP\.jdks\corretto-21.0.6\bin\VCRUNTIME140.dll
0x00007ffb58090000 - 0x00007ffb5825c000 	C:\WINDOWS\System32\USER32.dll
0x00007ffb57160000 - 0x00007ffb57187000 	C:\WINDOWS\System32\win32u.dll
0x00007ffb3f000000 - 0x00007ffb3f297000 	C:\WINDOWS\WinSxS\amd64_microsoft.windows.common-controls_6595b64144ccf1df_6.0.26100.3624_none_3e086962e3345f24\COMCTL32.dll
0x00007ffb58560000 - 0x00007ffb5858a000 	C:\WINDOWS\System32\GDI32.dll
0x00007ffb59900000 - 0x00007ffb599a9000 	C:\WINDOWS\System32\msvcrt.dll
0x00007ffb57190000 - 0x00007ffb572c1000 	C:\WINDOWS\System32\gdi32full.dll
0x00007ffb56c00000 - 0x00007ffb56ca3000 	C:\WINDOWS\System32\msvcp_win.dll
0x00007ffb57820000 - 0x00007ffb5784f000 	C:\WINDOWS\System32\IMM32.DLL
0x00007ffb519a0000 - 0x00007ffb519ac000 	C:\Users\HP\.jdks\corretto-21.0.6\bin\vcruntime140_1.dll
0x00007ffb238a0000 - 0x00007ffb2392d000 	C:\Users\HP\.jdks\corretto-21.0.6\bin\msvcp140.dll
0x00007ffafed00000 - 0x00007ffaffa9f000 	C:\Users\HP\.jdks\corretto-21.0.6\bin\server\jvm.dll
0x00007ffb584a0000 - 0x00007ffb58552000 	C:\WINDOWS\System32\ADVAPI32.dll
0x00007ffb595a0000 - 0x00007ffb59646000 	C:\WINDOWS\System32\sechost.dll
0x00007ffb58260000 - 0x00007ffb58376000 	C:\WINDOWS\System32\RPCRT4.dll
0x00007ffb58010000 - 0x00007ffb58084000 	C:\WINDOWS\System32\WS2_32.dll
0x00007ffb567c0000 - 0x00007ffb5681e000 	C:\WINDOWS\SYSTEM32\POWRPROF.dll
0x00007ffb4e600000 - 0x00007ffb4e60b000 	C:\WINDOWS\SYSTEM32\VERSION.dll
0x00007ffb4e5c0000 - 0x00007ffb4e5f6000 	C:\WINDOWS\SYSTEM32\WINMM.dll
0x00007ffb567a0000 - 0x00007ffb567b4000 	C:\WINDOWS\SYSTEM32\UMPDC.dll
0x00007ffb55a10000 - 0x00007ffb55a2a000 	C:\WINDOWS\SYSTEM32\kernel.appcore.dll
0x00007ffb4f780000 - 0x00007ffb4f78a000 	C:\Users\HP\.jdks\corretto-21.0.6\bin\jimage.dll
0x00007ffb54470000 - 0x00007ffb546b1000 	C:\WINDOWS\SYSTEM32\DBGHELP.DLL
0x00007ffb57b80000 - 0x00007ffb57f02000 	C:\WINDOWS\System32\combase.dll
0x00007ffb57880000 - 0x00007ffb57956000 	C:\WINDOWS\System32\OLEAUT32.dll
0x00007ffb3aa80000 - 0x00007ffb3aab9000 	C:\WINDOWS\SYSTEM32\dbgcore.DLL
0x00007ffb56e90000 - 0x00007ffb56f29000 	C:\WINDOWS\System32\bcryptPrimitives.dll
0x00007ffb3c4a0000 - 0x00007ffb3c4ae000 	C:\Users\HP\.jdks\corretto-21.0.6\bin\instrument.dll
0x00007ffb44bd0000 - 0x00007ffb44bef000 	C:\Users\HP\.jdks\corretto-21.0.6\bin\java.dll
0x00007ffb58e00000 - 0x00007ffb59529000 	C:\WINDOWS\System32\SHELL32.dll
0x00007ffb56f30000 - 0x00007ffb57098000 	C:\WINDOWS\System32\wintypes.dll
0x00007ffb548a0000 - 0x00007ffb550f2000 	C:\WINDOWS\SYSTEM32\windows.storage.dll
0x00007ffb57a90000 - 0x00007ffb57b7d000 	C:\WINDOWS\System32\SHCORE.dll
0x00007ffb59530000 - 0x00007ffb59594000 	C:\WINDOWS\System32\shlwapi.dll
0x00007ffb56b10000 - 0x00007ffb56b3f000 	C:\WINDOWS\SYSTEM32\profapi.dll
0x00007ffb164f0000 - 0x00007ffb165c7000 	C:\Users\HP\.jdks\corretto-21.0.6\bin\jsvml.dll
0x00007ffb3b450000 - 0x00007ffb3b468000 	C:\Users\HP\.jdks\corretto-21.0.6\bin\zip.dll
0x00007ffb4a030000 - 0x00007ffb4a040000 	C:\Users\HP\.jdks\corretto-21.0.6\bin\net.dll
0x00007ffb4c1b0000 - 0x00007ffb4c2cd000 	C:\WINDOWS\SYSTEM32\WINHTTP.dll
0x00007ffb55f30000 - 0x00007ffb55f9a000 	C:\WINDOWS\system32\mswsock.dll
0x00007ffb3bee0000 - 0x00007ffb3bef6000 	C:\Users\HP\.jdks\corretto-21.0.6\bin\nio.dll
0x00007ffb40d40000 - 0x00007ffb40d49000 	C:\Users\HP\.jdks\corretto-21.0.6\bin\extnet.dll
0x00007ffb3b0a0000 - 0x00007ffb3b0a9000 	C:\Users\HP\.jdks\corretto-21.0.6\bin\management.dll
0x00007ffb3b090000 - 0x00007ffb3b09b000 	C:\Users\HP\.jdks\corretto-21.0.6\bin\management_ext.dll
0x00007ffb59700000 - 0x00007ffb59708000 	C:\WINDOWS\System32\PSAPI.DLL
0x00007ffb3f2d0000 - 0x00007ffb3f2de000 	C:\Users\HP\.jdks\corretto-21.0.6\bin\sunmscapi.dll
0x00007ffb576a0000 - 0x00007ffb57817000 	C:\WINDOWS\System32\CRYPT32.dll
0x00007ffb56440000 - 0x00007ffb56470000 	C:\WINDOWS\SYSTEM32\ncrypt.dll
0x00007ffb563f0000 - 0x00007ffb5642f000 	C:\WINDOWS\SYSTEM32\NTASN1.dll
0x00007ffb561e0000 - 0x00007ffb561fc000 	C:\WINDOWS\SYSTEM32\CRYPTSP.dll
0x00007ffb55970000 - 0x00007ffb559aa000 	C:\WINDOWS\system32\rsaenh.dll
0x00007ffb55fd0000 - 0x00007ffb55ffb000 	C:\WINDOWS\SYSTEM32\USERENV.dll
0x00007ffb56ae0000 - 0x00007ffb56b06000 	C:\WINDOWS\SYSTEM32\bcrypt.dll
0x00007ffb561d0000 - 0x00007ffb561dc000 	C:\WINDOWS\SYSTEM32\CRYPTBASE.dll
0x00007ffb55470000 - 0x00007ffb554a3000 	C:\WINDOWS\SYSTEM32\IPHLPAPI.DLL
0x00007ffb598f0000 - 0x00007ffb598fa000 	C:\WINDOWS\System32\NSI.dll
0x00007ffb1cc30000 - 0x00007ffb1cc38000 	C:\WINDOWS\system32\wshunix.dll

dbghelp: loaded successfully - version: 4.0.5 - missing functions: none
symbol engine: initialized successfully - sym options: 0x614 - pdb path: .;C:\Users\HP\.jdks\corretto-21.0.6\bin;C:\WINDOWS\SYSTEM32;C:\WINDOWS\WinSxS\amd64_microsoft.windows.common-controls_6595b64144ccf1df_6.0.26100.3624_none_3e086962e3345f24;C:\Users\HP\.jdks\corretto-21.0.6\bin\server

VM Arguments:
jvm_args: -javaagent:C:\Program Files\JetBrains\IntelliJ IDEA Community Edition 2024.3.1.1\lib\idea_rt.jar=53613 -Dfile.encoding=UTF-8 -Dsun.stdout.encoding=UTF-8 -Dsun.stderr.encoding=UTF-8 
java_command: com.example.ClickhouseIngestionTool.ClickhouseIngestionToolApplication
java_class_path (initial): C:\Users\HP\OneDrive\Desktop\ClickhouseIngestionTool\target\classes;C:\Users\HP\.m2\repository\org\springframework\boot\spring-boot-starter-web\3.4.4\spring-boot-starter-web-3.4.4.jar;C:\Users\HP\.m2\repository\org\springframework\boot\spring-boot-starter\3.4.4\spring-boot-starter-3.4.4.jar;C:\Users\HP\.m2\repository\org\springframework\boot\spring-boot-starter-logging\3.4.4\spring-boot-starter-logging-3.4.4.jar;C:\Users\HP\.m2\repository\ch\qos\logback\logback-classic\1.5.18\logback-classic-1.5.18.jar;C:\Users\HP\.m2\repository\ch\qos\logback\logback-core\1.5.18\logback-core-1.5.18.jar;C:\Users\HP\.m2\repository\org\apache\logging\log4j\log4j-to-slf4j\2.24.3\log4j-to-slf4j-2.24.3.jar;C:\Users\HP\.m2\repository\org\apache\logging\log4j\log4j-api\2.24.3\log4j-api-2.24.3.jar;C:\Users\HP\.m2\repository\org\slf4j\jul-to-slf4j\2.0.17\jul-to-slf4j-2.0.17.jar;C:\Users\HP\.m2\repository\jakarta\annotation\jakarta.annotation-api\2.1.1\jakarta.annotation-api-2.1.1.jar;C:\Users\HP\.m2\repository\org\yaml\snakeyaml\2.3\snakeyaml-2.3.jar;C:\Users\HP\.m2\repository\org\springframework\boot\spring-boot-starter-json\3.4.4\spring-boot-starter-json-3.4.4.jar;C:\Users\HP\.m2\repository\com\fasterxml\jackson\core\jackson-databind\2.18.3\jackson-databind-2.18.3.jar;C:\Users\HP\.m2\repository\com\fasterxml\jackson\core\jackson-annotations\2.18.3\jackson-annotations-2.18.3.jar;C:\Users\HP\.m2\repository\com\fasterxml\jackson\core\jackson-core\2.18.3\jackson-core-2.18.3.jar;C:\Users\HP\.m2\repository\com\fasterxml\jackson\datatype\jackson-datatype-jdk8\2.18.3\jackson-datatype-jdk8-2.18.3.jar;C:\Users\HP\.m2\repository\com\fasterxml\jackson\datatype\jackson-datatype-jsr310\2.18.3\jackson-datatype-jsr310-2.18.3.jar;C:\Users\HP\.m2\repository\com\fasterxml\jackson\module\jackson-module-parameter-names\2.18.3\jackson-module-parameter-names-2.18.3.jar;C:\Users\HP\.m2\repository\org\springframework\boot\spring-boot-starter-tomcat\3.4.4\spring-boot-starter-tomcat-3.4.4.jar;C:\Users\HP\.m2\repository\org\apache\tomcat\embed\tomcat-embed-core\10.1.39\tomcat-embed-core-10.1.39.jar;C:\Users\HP\.m2\repository\org\apache\tomcat\embed\tomcat-embed-el\10.1.39\tomcat-embed-el-10.1.39.jar;C:\Users\HP\.m2\repository\org\apache\tomcat\embed\tomcat-embed-websocket\10.1.39\tomcat-embed-websocket-10.1.39.jar;C:\Users\HP\.m2\repository\org\springframework\spring-web\6.2.5\spring-web-6.2.5.jar;C:\Users\HP\.m2\repository\org\springframework\spring-beans\6.2.5\spring-beans-6.2.5.jar;C:\Users\HP\.m2\repository\io\micrometer\micrometer-observation\1.14.5\micrometer-observation-1.14.5.jar;C:\Users\HP\.m2\repository\io\micrometer\micrometer-commons\1.14.5\micrometer-commons-1.14.5.jar;C:\Users\HP\.m2\repository\org\springframework\spring-webmvc\6.2.5\spring-webmvc-6.2.5.jar;C:\Users\HP\.m2\repository\org\springframework\spring-aop\6.2.5\spring-aop-6.2.5.jar;C:\Users\HP\.m2\repository\org\springframework\spring-context\6.2.5\spring-context-6.2.5.jar;C:\Users\HP\.m2\repository\org\springframework\spring-expression\6.2.5\spring-expression-6.2.5.jar;C:\Users\HP\.m2\repository\com\clickhouse\clickhouse-jdbc\0.4.6\clickhouse-jdbc-0.4.6.jar;C:\Users\HP\.m2\repository\org\apache\commons\commons-csv\1.10.0\commons-csv-1.10.0.jar;C:\Users\HP\.m2\repository\org\springframework\boot\spring-boot-devtools\3.4.4\spring-boot-devtools-3.4.4.jar;C:\Users\HP\.m2\repository\org\springframework\boot\spring-boot\3.4.4\spring-boot-3.4.4.jar;C:\Users\HP\.m2\repository\org\springframework\boot\spring-boot-autoconfigure\3.4.4\spring-boot-autoconfigure-3.4.4.jar;C:\Users\HP\.m2\repository\org\springframework\boot\spring-boot-configuration-processor\3.4.4\spring-boot-configuration-processor-3.4.4.jar;C:\Users\HP\.m2\repository\org\projectlombok\lombok\1.18.36\lombok-1.18.36.jar;C:\Users\HP\.m2\repository\org\slf4j\slf4j-api\2.0.17\slf4j-api-2.0.17.jar;C:\Users\HP\.m2\repository\org\springframework\spring-core\6.2.5\spring-core-6.2.5.jar;C:\Users\HP\.m2\repository\org\springframework\spring-jcl\6.2.5\spring-jcl-6.2.5.jar
Launcher Type: SUN_STANDARD

[Global flags]
     intx CICompilerCount                          = 4                                         {product} {ergonomic}
     uint ConcGCThreads                            = 3                                         {product} {ergonomic}
     uint G1ConcRefinementThreads                  = 10                                        {product} {ergonomic}
   size_t G1HeapRegionSize                         = 2097152                                   {product} {ergonomic}
    uintx GCDrainStackTargetSize                   = 64                                        {product} {ergonomic}
   size_t InitialHeapSize                          = 257949696                                 {product} {ergonomic}
   size_t MarkStackSize                            = 4194304                                   {product} {ergonomic}
   size_t MaxHeapSize                              = 4114612224                                {product} {ergonomic}
   size_t MaxNewSize                               = 2468347904                                {product} {ergonomic}
   size_t MinHeapDeltaBytes                        = 2097152                                   {product} {ergonomic}
   size_t MinHeapSize                              = 8388608                                   {product} {ergonomic}
    uintx NonNMethodCodeHeapSize                   = 5839372                                {pd product} {ergonomic}
    uintx NonProfiledCodeHeapSize                  = 122909434                              {pd product} {ergonomic}
    uintx ProfiledCodeHeapSize                     = 122909434                              {pd product} {ergonomic}
    uintx ReservedCodeCacheSize                    = 251658240                              {pd product} {ergonomic}
     bool SegmentedCodeCache                       = true                                      {product} {ergonomic}
   size_t SoftMaxHeapSize                          = 4114612224                             {manageable} {ergonomic}
     bool UseCompressedOops                        = true                           {product lp64_product} {ergonomic}
     bool UseG1GC                                  = true                                      {product} {ergonomic}
     bool UseLargePagesIndividualAllocation        = false                                  {pd product} {ergonomic}

Logging:
Log output configuration:
 #0: stdout all=warning uptime,level,tags foldmultilines=false
 #1: stderr all=off uptime,level,tags foldmultilines=false

Environment Variables:
JAVA_HOME=C:\Program Files\Java\jdk-21
PATH=C:\Program Files\Common Files\Oracle\Java\javapath;C:\WINDOWS\system32;C:\WINDOWS;C:\WINDOWS\System32\Wbem;C:\WINDOWS\System32\WindowsPowerShell\v1.0\;C:\WINDOWS\System32\OpenSSH\;C:\MinGW\bin;C:\Program Files\Git\cmd;C:\Program Files\MySQL\MySQL Server 5.7\bin;C:\Program Files\MongoDB\mongosh-2.3.7-win32-x64\bin;C:\Program Files\Docker\Docker\resources\bin;D:\Maven_Download\apache-maven-3.9.9\bin;C:\Program Files\Java\jdk-21\bin;C:\Users\HP\AppData\Local\Microsoft\WindowsApps;C:\Users\HP\AppData\Local\Programs\Microsoft VS Code\bin;C:\src\flutter\bin;C:\Program Files\JetBrains\IntelliJ IDEA Community Edition 2024.3.1.1\bin;;C:\Users\HP\AppData\Local\GitHubDesktop\bin;;C:\Program Files\Java\jdk-21\bin
USERNAME=HP
OS=Windows_NT
PROCESSOR_IDENTIFIER=AMD64 Family 23 Model 104 Stepping 1, AuthenticAMD
TMP=C:\Users\HP\AppData\Local\Temp
TEMP=C:\Users\HP\AppData\Local\Temp




Periodic native trim disabled

---------------  S Y S T E M  ---------------

OS:
 Windows 11 , 64 bit Build 26100 (10.0.26100.3775)
OS uptime: 0 days 13:51 hours
Hyper-V role detected

CPU: total 12 (initial active 12) (12 cores per cpu, 2 threads per core) family 23 model 104 stepping 1 microcode 0x8608104, cx8, cmov, fxsr, ht, mmx, 3dnowpref, sse, sse2, sse3, ssse3, sse4a, sse4.1, sse4.2, popcnt, lzcnt, tsc, tscinvbit, avx, avx2, aes, clmul, bmi1, bmi2, adx, sha, fma, vzeroupper, clflush, clflushopt, hv, rdtscp, rdpid, f16c
Processor Information for processor 0
  Max Mhz: 2100, Current Mhz: 1893, Mhz Limit: 2100
Processor Information for processor 1
  Max Mhz: 2100, Current Mhz: 1813, Mhz Limit: 2100
Processor Information for processor 2
  Max Mhz: 2100, Current Mhz: 1813, Mhz Limit: 2100
Processor Information for processor 3
  Max Mhz: 2100, Current Mhz: 1893, Mhz Limit: 2100
Processor Information for processor 4
  Max Mhz: 2100, Current Mhz: 1893, Mhz Limit: 2100
Processor Information for processor 5
  Max Mhz: 2100, Current Mhz: 1813, Mhz Limit: 2100
Processor Information for processor 6
  Max Mhz: 2100, Current Mhz: 1893, Mhz Limit: 2100
Processor Information for processor 7
  Max Mhz: 2100, Current Mhz: 1813, Mhz Limit: 2100
Processor Information for processor 8
  Max Mhz: 2100, Current Mhz: 1813, Mhz Limit: 2100
Processor Information for processor 9
  Max Mhz: 2100, Current Mhz: 1813, Mhz Limit: 2100
Processor Information for processor 10
  Max Mhz: 2100, Current Mhz: 1813, Mhz Limit: 2100
Processor Information for processor 11
  Max Mhz: 2100, Current Mhz: 1813, Mhz Limit: 2100

Memory: 4k page, system-wide physical 15693M (2880M free)
TotalPageFile size 17893M (AvailPageFile size 0M)
current process WorkingSet (physical memory assigned to process): 154M, peak: 187M
current process commit charge ("private bytes"): 199M, peak: 417M

vm_info: OpenJDK 64-Bit Server VM (21.0.6+7-LTS) for windows-amd64 JRE (21.0.6+7-LTS), built on 2025-01-07T23:42:01Z by "Administrator" with MS VC++ 16.10 / 16.11 (VS2019)

END.
