#
# There is insufficient memory for the Java Runtime Environment to continue.
# Native memory allocation (mmap) failed to map 65536 bytes. Error detail: Failed to commit metaspace.
# Possible reasons:
#   The system is out of physical RAM or swap space
#   This process is running with CompressedOops enabled, and the Java Heap may be blocking the growth of the native heap
# Possible solutions:
#   Reduce memory load on the system
#   Increase physical memory or swap space
#   Check if swap backing store is full
#   Decrease Java heap size (-Xmx/-Xms)
#   Decrease number of Java threads
#   Decrease Java thread stack sizes (-Xss)
#   Set larger code cache with -XX:ReservedCodeCacheSize=
#   JVM is running with Zero Based Compressed Oops mode in which the Java heap is
#     placed in the first 32GB address space. The Java Heap base address is the
#     maximum limit for the native heap growth. Please use -XX:HeapBaseMinAddress
#     to set the Java Heap base and to place the Java Heap above 32GB virtual address.
# This output file may be truncated or incomplete.
#
#  Out of Memory Error (virtualSpaceNode.cpp:113), pid=13084, tid=24688
#
# JRE version: OpenJDK Runtime Environment Corretto-21.0.6.7.1 (21.0.6+7) (build 21.0.6+7-LTS)
# Java VM: OpenJDK 64-Bit Server VM Corretto-21.0.6.7.1 (21.0.6+7-LTS, mixed mode, sharing, tiered, compressed oops, compressed class ptrs, g1 gc, windows-amd64)
# No core dump will be written. Minidumps are not enabled by default on client versions of Windows
#

---------------  S U M M A R Y ------------

Command Line: -javaagent:C:\Program Files\JetBrains\IntelliJ IDEA Community Edition 2024.3.1.1\lib\idea_rt.jar=53558 -Dfile.encoding=UTF-8 -Dsun.stdout.encoding=UTF-8 -Dsun.stderr.encoding=UTF-8 com.example.ClickhouseIngestionTool.ClickhouseIngestionToolApplication

Host: AMD Ryzen 5 5500U with Radeon Graphics         , 12 cores, 15G,  Windows 11 , 64 bit Build 26100 (10.0.26100.3775)
Time: Wed Apr 16 14:18:58 2025 India Standard Time elapsed time: 2.278800 seconds (0d 0h 0m 2s)

---------------  T H R E A D  ---------------

Current thread (0x00000134d40ef790):  JavaThread "restartedMain"        [_thread_in_vm, id=24688, stack(0x0000002edbe00000,0x0000002edbf00000) (1024K)]

Stack: [0x0000002edbe00000,0x0000002edbf00000]
Native frames: (J=compiled Java code, j=interpreted, Vv=VM code, C=native code)
V  [jvm.dll+0x6da5e9]
V  [jvm.dll+0x8b6b73]
V  [jvm.dll+0x8b8ece]
V  [jvm.dll+0x8b95b3]
V  [jvm.dll+0x286256]
V  [jvm.dll+0x8b27be]
V  [jvm.dll+0x67b715]
V  [jvm.dll+0x1e99d1]
V  [jvm.dll+0x1e979e]
V  [jvm.dll+0x67e028]
V  [jvm.dll+0x67de62]
V  [jvm.dll+0x67c0ce]
V  [jvm.dll+0x271546]
V  [jvm.dll+0x21c77e]
V  [jvm.dll+0x211b9e]
V  [jvm.dll+0x5b959b]
V  [jvm.dll+0x82f456]
V  [jvm.dll+0x47b638]
V  [jvm.dll+0x481478]
C  [java.dll+0x17ec]

Java frames: (J=compiled Java code, j=interpreted, Vv=VM code)
J 611  java.lang.ClassLoader.defineClass1(Ljava/lang/ClassLoader;Ljava/lang/String;[BIILjava/security/ProtectionDomain;Ljava/lang/String;)Ljava/lang/Class; java.base@21.0.6 (0 bytes) @ 0x0000013487b08d11 [0x0000013487b08c40+0x00000000000000d1]
J 1211 c1 java.lang.ClassLoader.defineClass(Ljava/lang/String;[BIILjava/security/ProtectionDomain;)Ljava/lang/Class; java.base@21.0.6 (43 bytes) @ 0x0000013480205efc [0x0000013480205ba0+0x000000000000035c]
J 1131 c1 java.security.SecureClassLoader.defineClass(Ljava/lang/String;[BIILjava/security/CodeSource;)Ljava/lang/Class; java.base@21.0.6 (16 bytes) @ 0x00000134801e3a9c [0x00000134801e39c0+0x00000000000000dc]
J 925 c1 jdk.internal.loader.BuiltinClassLoader.defineClass(Ljava/lang/String;Ljdk/internal/loader/Resource;)Ljava/lang/Class; java.base@21.0.6 (121 bytes) @ 0x000001348017ca2c [0x000001348017bac0+0x0000000000000f6c]
J 801 c1 jdk.internal.loader.BuiltinClassLoader.findClassOnClassPathOrNull(Ljava/lang/String;)Ljava/lang/Class; java.base@21.0.6 (64 bytes) @ 0x000001348013247c [0x00000134801317a0+0x0000000000000cdc]
J 480 c1 jdk.internal.loader.BuiltinClassLoader.loadClassOrNull(Ljava/lang/String;Z)Ljava/lang/Class; java.base@21.0.6 (143 bytes) @ 0x00000134800a2f8c [0x00000134800a2560+0x0000000000000a2c]
J 719 c1 jdk.internal.loader.ClassLoaders$AppClassLoader.loadClass(Ljava/lang/String;Z)Ljava/lang/Class; java.base@21.0.6 (40 bytes) @ 0x000001348010e764 [0x000001348010e580+0x00000000000001e4]
J 718 c1 java.lang.ClassLoader.loadClass(Ljava/lang/String;)Ljava/lang/Class; java.base@21.0.6 (7 bytes) @ 0x000001348010ded4 [0x000001348010ddc0+0x0000000000000114]
v  ~StubRoutines::call_stub 0x000001348753100d
j  org.springframework.beans.BeanWrapperImpl.getCachedIntrospectionResults()Lorg/springframework/beans/CachedIntrospectionResults;+12
j  org.springframework.beans.BeanWrapperImpl.getPropertyDescriptor(Ljava/lang/String;)Ljava/beans/PropertyDescriptor;+17
j  org.springframework.beans.factory.support.AbstractAutowireCapableBeanFactory.isConvertibleProperty(Ljava/lang/String;Lorg/springframework/beans/BeanWrapper;)Z+9
j  org.springframework.beans.factory.support.AbstractAutowireCapableBeanFactory.applyPropertyValues(Ljava/lang/String;Lorg/springframework/beans/factory/config/BeanDefinition;Lorg/springframework/beans/BeanWrapper;Lorg/springframework/beans/PropertyValues;)V+290
j  org.springframework.beans.factory.support.AbstractAutowireCapableBeanFactory.populateBean(Ljava/lang/String;Lorg/springframework/beans/factory/support/RootBeanDefinition;Lorg/springframework/beans/BeanWrapper;)V+351
j  org.springframework.beans.factory.support.AbstractAutowireCapableBeanFactory.doCreateBean(Ljava/lang/String;Lorg/springframework/beans/factory/support/RootBeanDefinition;[Ljava/lang/Object;)Ljava/lang/Object;+220
j  org.springframework.beans.factory.support.AbstractAutowireCapableBeanFactory.createBean(Ljava/lang/String;Lorg/springframework/beans/factory/support/RootBeanDefinition;[Ljava/lang/Object;)Ljava/lang/Object;+153
j  org.springframework.beans.factory.support.AbstractBeanFactory.lambda$doGetBean$0(Ljava/lang/String;Lorg/springframework/beans/factory/support/RootBeanDefinition;[Ljava/lang/Object;)Ljava/lang/Object;+4
j  org.springframework.beans.factory.support.AbstractBeanFactory$$Lambda+0x00000134901e97f8.getObject()Ljava/lang/Object;+16
j  org.springframework.beans.factory.support.DefaultSingletonBeanRegistry.getSingleton(Ljava/lang/String;Lorg/springframework/beans/factory/ObjectFactory;)Ljava/lang/Object;+683
j  org.springframework.beans.factory.support.AbstractBeanFactory.doGetBean(Ljava/lang/String;Ljava/lang/Class;[Ljava/lang/Object;Z)Ljava/lang/Object;+476
j  org.springframework.beans.factory.support.AbstractBeanFactory.getBean(Ljava/lang/String;Ljava/lang/Class;)Ljava/lang/Object;+5
j  org.springframework.context.support.PostProcessorRegistrationDelegate.invokeBeanFactoryPostProcessors(Lorg/springframework/beans/factory/config/ConfigurableListableBeanFactory;Ljava/util/List;)V+184
j  org.springframework.context.support.AbstractApplicationContext.invokeBeanFactoryPostProcessors(Lorg/springframework/beans/factory/config/ConfigurableListableBeanFactory;)V+5
j  org.springframework.context.support.AbstractApplicationContext.refresh()V+62
j  org.springframework.boot.web.servlet.context.ServletWebServerApplicationContext.refresh()V+1
j  org.springframework.boot.SpringApplication.refresh(Lorg/springframework/context/ConfigurableApplicationContext;)V+1
j  org.springframework.boot.SpringApplication.refreshContext(Lorg/springframework/context/ConfigurableApplicationContext;)V+19
j  org.springframework.boot.SpringApplication.run([Ljava/lang/String;)Lorg/springframework/context/ConfigurableApplicationContext;+113
j  org.springframework.boot.SpringApplication.run([Ljava/lang/Class;[Ljava/lang/String;)Lorg/springframework/context/ConfigurableApplicationContext;+9
j  org.springframework.boot.SpringApplication.run(Ljava/lang/Class;[Ljava/lang/String;)Lorg/springframework/context/ConfigurableApplicationContext;+9
j  com.example.ClickhouseIngestionTool.ClickhouseIngestionToolApplication.main([Ljava/lang/String;)V+3
j  java.lang.invoke.LambdaForm$DMH+0x0000013490006000.invokeStatic(Ljava/lang/Object;Ljava/lang/Object;)V+10 java.base@21.0.6
j  java.lang.invoke.LambdaForm$MH+0x0000013490094800.invoke(Ljava/lang/Object;Ljava/lang/Object;Ljava/lang/Object;)Ljava/lang/Object;+33 java.base@21.0.6
j  java.lang.invoke.Invokers$Holder.invokeExact_MT(Ljava/lang/Object;Ljava/lang/Object;Ljava/lang/Object;Ljava/lang/Object;)Ljava/lang/Object;+20 java.base@21.0.6
j  jdk.internal.reflect.DirectMethodHandleAccessor.invokeImpl(Ljava/lang/Object;[Ljava/lang/Object;)Ljava/lang/Object;+55 java.base@21.0.6
j  jdk.internal.reflect.DirectMethodHandleAccessor.invoke(Ljava/lang/Object;[Ljava/lang/Object;)Ljava/lang/Object;+23 java.base@21.0.6
j  java.lang.reflect.Method.invoke(Ljava/lang/Object;[Ljava/lang/Object;)Ljava/lang/Object;+102 java.base@21.0.6
j  org.springframework.boot.devtools.restart.RestartLauncher.run()V+47
v  ~StubRoutines::call_stub 0x000001348753100d

Compiled method (n/a) 2323  611     n 0       java.lang.ClassLoader::defineClass1 (native)
 total in heap  [0x0000013487b08a90,0x0000013487b090f0] = 1632
 relocation     [0x0000013487b08bf0,0x0000013487b08c28] = 56
 main code      [0x0000013487b08c40,0x0000013487b090ef] = 1199
 stub code      [0x0000013487b090ef,0x0000013487b090f0] = 1

[Constant Pool (empty)]

[MachCode]
[Entry Point]
  # {method} {0x000001348f4310c8} 'defineClass1' '(Ljava/lang/ClassLoader;Ljava/lang/String;[BIILjava/security/ProtectionDomain;Ljava/lang/String;)Ljava/lang/Class;' in 'java/lang/ClassLoader'
  # parm0:    rdx:rdx   = 'java/lang/ClassLoader'
  # parm1:    r8:r8     = 'java/lang/String'
  # parm2:    r9:r9     = '[B'
  # parm3:    rdi       = int
  # parm4:    rsi       = int
  # parm5:    rcx:rcx   = 'java/security/ProtectionDomain'
  # parm6:    [sp+0xa0]   = 'java/lang/String'  (sp of caller)
  0x0000013487b08c40: 448b 5208 | 49bb 0000 | 008f 3401 | 0000 4d03 | d349 3bc2 | 0f84 0600 

  0x0000013487b08c58: ;   {runtime_call ic_miss_stub}
  0x0000013487b08c58: 0000 e921 | 5ba7 ff90 
[Verified Entry Point]
  0x0000013487b08c60: 8984 2400 | 80ff ff55 | 488b ec48 | 81ec 9000 | 0000 6690 | 4181 7f20 | 0100 0000 

  0x0000013487b08c7c: ;   {runtime_call StubRoutines (final stubs)}
  0x0000013487b08c7c: 7405 e8dd | c0a5 ff48 | 837d 1000 | 488d 4510 | 480f 4445 | 1048 8944 | 2440 4889 | 4c24 7048 
  0x0000013487b08c9c: 83f9 0048 | 8d44 2470 | 480f 4444 | 2470 4889 | 4424 3848 | 8974 2430 | 4889 7c24 | 284c 894c 
  0x0000013487b08cbc: 2458 4983 | f900 488d | 4424 5848 | 0f44 4424 | 5848 8944 | 2420 4c89 | 4424 5049 | 83f8 004c 
  0x0000013487b08cdc: 8d4c 2450 | 4c0f 444c | 2450 4889 | 5424 4848 | 83fa 004c | 8d44 2448 | 4c0f 4444 

  0x0000013487b08cf8: ;   {oop(a 'java/lang/Class'{0x000000070ac4d1f8} = 'java/lang/ClassLoader')}
  0x0000013487b08cf8: 2448 49be | f8d1 c40a | 0700 0000 | 4c89 7424 | 784c 8d74 | 2478 498b | d6c5 f877 

  0x0000013487b08d14: ;   {internal_word}
  0x0000013487b08d14: 49ba 118d | b087 3401 | 0000 4d89 | 97a0 0300 | 0049 89a7 | 9803 0000 

  0x0000013487b08d2c: ;   {external_word}
  0x0000013487b08d2c: 49ba c75a | 9aff fa7f | 0000 4180 | 3a00 0f84 | 4e00 0000 | 5241 5041 

  0x0000013487b08d44: ;   {metadata({method} {0x000001348f4310c8} 'defineClass1' '(Ljava/lang/ClassLoader;Ljava/lang/String;[BIILjava/security/ProtectionDomain;Ljava/lang/String;)Ljava/lang/Class;' in 'java/lang/ClassLoader')}
  0x0000013487b08d44: 5148 bac0 | 1043 8f34 | 0100 0049 | 8bcf 4883 | ec20 40f6 | c40f 0f84 | 1900 0000 | 4883 ec08 
  0x0000013487b08d64: ;   {runtime_call}
  0x0000013487b08d64: 48b8 d010 | 44ff fa7f | 0000 ffd0 | 4883 c408 | e90c 0000 

  0x0000013487b08d78: ;   {runtime_call}
  0x0000013487b08d78: 0048 b8d0 | 1044 fffa | 7f00 00ff | d048 83c4 | 2041 5941 | 585a 498d | 8fb8 0300 | 0041 c787 
  0x0000013487b08d98: 4404 0000 | 0400 0000 

  0x0000013487b08da0: ;   {runtime_call}
  0x0000013487b08da0: 48b8 ac16 | bd44 fb7f | 0000 ffd0 | c5f8 7741 | c787 4404 | 0000 0500 | 0000 f083 | 4424 c000 
  0x0000013487b08dc0: 493b af48 | 0400 000f | 870e 0000 | 0041 83bf | 4004 0000 | 000f 842b | 0000 00c5 | f877 4889 
  0x0000013487b08de0: 45f8 498b | cf4c 8be4 | 4883 ec20 | 4883 e4f0 

  0x0000013487b08df0: ;   {runtime_call}
  0x0000013487b08df0: 48b8 407a | 0fff fa7f | 0000 ffd0 | 498b e44d | 33e4 488b | 45f8 41c7 | 8744 0400 | 0008 0000 
  0x0000013487b08e10: 0041 83bf | c004 0000 | 020f 84a3 

  0x0000013487b08e1c: ;   {external_word}
  0x0000013487b08e1c: 0200 0049 | bac7 5a9a | fffa 7f00 | 0041 803a | 000f 844c | 0000 0048 

  0x0000013487b08e34: ;   {metadata({method} {0x000001348f4310c8} 'defineClass1' '(Ljava/lang/ClassLoader;Ljava/lang/String;[BIILjava/security/ProtectionDomain;Ljava/lang/String;)Ljava/lang/Class;' in 'java/lang/ClassLoader')}
  0x0000013487b08e34: 8945 f848 | bac0 1043 | 8f34 0100 | 0049 8bcf | 4883 ec20 | 40f6 c40f | 0f84 1900 | 0000 4883 
  0x0000013487b08e54: ;   {runtime_call}
  0x0000013487b08e54: ec08 48b8 | d010 44ff | fa7f 0000 | ffd0 4883 | c408 e90c 

  0x0000013487b08e68: ;   {runtime_call}
  0x0000013487b08e68: 0000 0048 | b8d0 1044 | fffa 7f00 | 00ff d048 | 83c4 2048 | 8b45 f849 | c787 9803 | 0000 0000 
  0x0000013487b08e88: 0000 49c7 | 87a0 0300 | 0000 0000 | 00c5 f877 | 4885 c00f | 84fe 0100 | 00a8 030f | 8508 0000 
  0x0000013487b08ea8: 0048 8b00 | e9ee 0100 | 00a8 010f | 8509 0000 | 0048 8b40 | fee9 dd01 | 0000 488b | 40ff 4180 
  0x0000013487b08ec8: 7f40 000f | 84ce 0100 | 0048 83f8 | 000f 84c4 | 0100 0049 | 8b4f 2848 | 83f9 000f | 8414 0000 
  0x0000013487b08ee8: 0048 83e9 | 0849 894f | 2849 034f | 3848 8901 | e9a2 0100 | 0048 81ec | d000 0000 | 4889 0424 
  0x0000013487b08f08: 4889 4c24 | 0848 8954 | 2410 4889 | 7424 1848 | 897c 2420 | 4c89 4424 | 284c 894c | 2430 4c89 
  0x0000013487b08f28: 5424 384c | 895c 2440 | c5fb 1144 | 2450 c5fb | 114c 2458 | c5fb 1154 | 2460 c5fb | 115c 2468 
  0x0000013487b08f48: c5fb 1164 | 2470 c5fb | 116c 2478 | c5fb 11b4 | 2480 0000 | 00c5 fb11 | bc24 8800 | 0000 c57b 
  0x0000013487b08f68: ;   {no_reloc}
  0x0000013487b08f68: 1184 2490 | 0000 00c5 | 7b11 8c24 | 9800 0000 | c57b 1194 | 24a0 0000 | 00c5 7b11 | 9c24 a800 
  0x0000013487b08f88: 0000 c57b | 11a4 24b0 | 0000 00c5 | 7b11 ac24 | b800 0000 | c57b 11b4 | 24c0 0000 | 00c5 7b11 
  0x0000013487b08fa8: bc24 c800 | 0000 498b | d748 8bc8 | 4883 ec20 | 40f6 c40f | 0f84 1900 | 0000 4883 

  0x0000013487b08fc4: ;   {runtime_call}
  0x0000013487b08fc4: ec08 48b8 | 30a1 02ff | fa7f 0000 | ffd0 4883 | c408 e90c 

  0x0000013487b08fd8: ;   {runtime_call}
  0x0000013487b08fd8: 0000 0048 | b830 a102 | fffa 7f00 | 00ff d048 | 83c4 20c5 | 7b10 bc24 | c800 0000 | c57b 10b4 
  0x0000013487b08ff8: 24c0 0000 | 00c5 7b10 | ac24 b800 | 0000 c57b | 10a4 24b0 | 0000 00c5 | 7b10 9c24 | a800 0000 
  0x0000013487b09018: c57b 1094 | 24a0 0000 | 00c5 7b10 | 8c24 9800 | 0000 c57b | 1084 2490 | 0000 00c5 | fb10 bc24 
  0x0000013487b09038: 8800 0000 | c5fb 10b4 | 2480 0000 | 00c5 fb10 | 6c24 78c5 | fb10 6424 | 70c5 fb10 | 5c24 68c5 
  0x0000013487b09058: fb10 5424 | 60c5 fb10 | 4c24 58c5 | fb10 4424 | 504c 8b5c | 2440 4c8b | 5424 384c | 8b4c 2430 
  0x0000013487b09078: 4c8b 4424 | 2848 8b7c | 2420 488b | 7424 1848 | 8b54 2410 | 488b 4c24 | 0848 8b04 | 2448 81c4 
  0x0000013487b09098: d000 0000 | c5f8 7749 | 8b8f 2804 | 0000 c781 | 0001 0000 | 0000 0000 | c949 837f | 0800 0f85 
  0x0000013487b090b8: 0100 0000 

  0x0000013487b090bc: ;   {runtime_call StubRoutines (initial stubs)}
  0x0000013487b090bc: c3e9 3e7e | a2ff c5f8 | 7748 8945 | f84c 8be4 | 4883 ec20 | 4883 e4f0 

  0x0000013487b090d4: ;   {runtime_call}
  0x0000013487b090d4: 48b8 7048 | 44ff fa7f | 0000 ffd0 | 498b e44d | 33e4 488b | 45f8 e930 | fdff fff4 
[/MachCode]


Compiled method (c1) 2346 1211       3       java.lang.ClassLoader::defineClass (43 bytes)
 total in heap  [0x0000013480205990,0x00000134802062e8] = 2392
 relocation     [0x0000013480205af0,0x0000013480205b90] = 160
 main code      [0x0000013480205ba0,0x0000013480206040] = 1184
 stub code      [0x0000013480206040,0x00000134802060b8] = 120
 metadata       [0x00000134802060b8,0x00000134802060e8] = 48
 scopes data    [0x00000134802060e8,0x00000134802061d8] = 240
 scopes pcs     [0x00000134802061d8,0x00000134802062b8] = 224
 dependencies   [0x00000134802062b8,0x00000134802062c0] = 8
 nul chk table  [0x00000134802062c0,0x00000134802062e8] = 40

[Constant Pool (empty)]

[MachCode]
[Entry Point]
  # {method} {0x000001348f431448} 'defineClass' '(Ljava/lang/String;[BIILjava/security/ProtectionDomain;)Ljava/lang/Class;' in 'java/lang/ClassLoader'
  # this:     rdx:rdx   = 'java/lang/ClassLoader'
  # parm0:    r8:r8     = 'java/lang/String'
  # parm1:    r9:r9     = '[B'
  # parm2:    rdi       = int
  # parm3:    rsi       = int
  # parm4:    rcx:rcx   = 'java/security/ProtectionDomain'
  #           [sp+0xc0]  (sp of caller)
  0x0000013480205ba0: 448b 5208 | 49bb 0000 | 008f 3401 | 0000 4d03 | d34c 3bd0 

  0x0000013480205bb4: ;   {runtime_call ic_miss_stub}
  0x0000013480205bb4: 0f85 c68b | 3707 660f | 1f44 0000 
[Verified Entry Point]
  0x0000013480205bc0: 8984 2400 | 80ff ff55 | 4881 ecb0 | 0000 0090 | 4181 7f20 | 0100 0000 

  0x0000013480205bd8: ;   {runtime_call StubRoutines (final stubs)}
  0x0000013480205bd8: 7405 e881 | f135 0748 | 8954 2478 

  0x0000013480205be4: ;   {metadata(method data for {method} {0x000001348f431448} 'defineClass' '(Ljava/lang/String;[BIILjava/security/ProtectionDomain;)Ljava/lang/Class;' in 'java/lang/ClassLoader')}
  0x0000013480205be4: 48bb 08fe | 25d0 3401 | 0000 8b83 | cc00 0000 | 83c0 0289 | 83cc 0000 | 0025 fe07 | 0000 85c0 
  0x0000013480205c04: 0f84 5803 | 0000 89b4 | 2494 0000 | 0089 bc24 | 9000 0000 | 4c89 8c24 | 8800 0000 

  0x0000013480205c20: ;   {metadata(method data for {method} {0x000001348f431448} 'defineClass' '(Ljava/lang/String;[BIILjava/security/ProtectionDomain;)Ljava/lang/Class;' in 'java/lang/ClassLoader')}
  0x0000013480205c20: 488b da48 | b808 fe25 | d034 0100 | 0048 8380 | 1001 0000 | 0149 8bd8 | 4c8b c34c | 8bc9 488b 
  0x0000013480205c40: ca48 8bd1 | 4889 9c24 | 8000 0000 

  0x0000013480205c4c: ;   {optimized virtual_call}
  0x0000013480205c4c: 6666 90e8 

  0x0000013480205c50: ; ImmutableOopMap {[120]=Oop [128]=Oop [136]=Oop }
                      ;*invokevirtual preDefineClass {reexecute=0 rethrow=0 return_oop=0}
                      ; - java.lang.ClassLoader::defineClass@4 (line 1025)
  0x0000013480205c50: 4c3f feff 

  0x0000013480205c54: ;   {other}
  0x0000013480205c54: 0f1f 8400 | c402 0000 | 4889 8424 | 9800 0000 | 488b 5424 

  0x0000013480205c68: ;   {metadata(method data for {method} {0x000001348f431448} 'defineClass' '(Ljava/lang/String;[BIILjava/security/ProtectionDomain;)Ljava/lang/Class;' in 'java/lang/ClassLoader')}
  0x0000013480205c68: 7849 b808 | fe25 d034 | 0100 0049 | 8380 4801 

  0x0000013480205c78: ;   {metadata(method data for {method} {0x000001348f431130} 'defineClassSourceLocation' '(Ljava/security/ProtectionDomain;)Ljava/lang/String;' in 'java/lang/ClassLoader')}
  0x0000013480205c78: 0000 0149 | b8c0 a826 | d034 0100 | 0041 8b90 | cc00 0000 | 83c2 0241 | 8990 cc00 | 0000 81e2 
  0x0000013480205c98: feff 1f00 | 85d2 0f84 | df02 0000 

  0x0000013480205ca4: ; implicit exception: dispatches to 0x0000013480205fa4
  0x0000013480205ca4: 483b 004c 

  0x0000013480205ca8: ;   {metadata(method data for {method} {0x000001348f431130} 'defineClassSourceLocation' '(Ljava/security/ProtectionDomain;)Ljava/lang/String;' in 'java/lang/ClassLoader')}
  0x0000013480205ca8: 8bc0 48ba | c0a8 26d0 | 3401 0000 | 4883 8210 | 0100 0001 | 448b 4010 | 49c1 e003 

  0x0000013480205cc4: ;   {metadata(method data for {method} {0x000001348f431130} 'defineClassSourceLocation' '(Ljava/security/ProtectionDomain;)Ljava/lang/String;' in 'java/lang/ClassLoader')}
  0x0000013480205cc4: 4d85 c048 | bac0 a826 | d034 0100 | 0048 c7c6 | 5801 0000 | 7507 48c7 | c648 0100 | 0048 8b3c 
  0x0000013480205ce4: 3248 8d7f | 0148 893c | 320f 850f 

  0x0000013480205cf0: ;   {oop(nullptr)}
  0x0000013480205cf0: 0000 0048 | bb00 0000 | 0000 0000 | 00e9 a501 | 0000 493b | 0049 8bd0 

  0x0000013480205d08: ;   {metadata(method data for {method} {0x000001348f431130} 'defineClassSourceLocation' '(Ljava/security/ProtectionDomain;)Ljava/lang/String;' in 'java/lang/ClassLoader')}
  0x0000013480205d08: 48be c0a8 | 26d0 3401 | 0000 4883 | 8668 0100 | 0001 418b | 500c 48c1 | e203 4885 

  0x0000013480205d24: ;   {metadata(method data for {method} {0x000001348f431130} 'defineClassSourceLocation' '(Ljava/security/ProtectionDomain;)Ljava/lang/String;' in 'java/lang/ClassLoader')}
  0x0000013480205d24: d248 bec0 | a826 d034 | 0100 0048 | c7c7 b001 | 0000 7507 | 48c7 c7a0 | 0100 0048 | 8b1c 3e48 
  0x0000013480205d44: 8d5b 0148 | 891c 3e0f | 850f 0000 

  0x0000013480205d50: ;   {oop(nullptr)}
  0x0000013480205d50: 0048 bb00 | 0000 0000 | 0000 00e9 | 4701 0000 

  0x0000013480205d60: ;   {metadata(method data for {method} {0x000001348f431130} 'defineClassSourceLocation' '(Ljava/security/ProtectionDomain;)Ljava/lang/String;' in 'java/lang/ClassLoader')}
  0x0000013480205d60: 48be c0a8 | 26d0 3401 | 0000 4883 | 86c0 0100 | 0001 483b | 024c 8bc2 

  0x0000013480205d78: ;   {metadata(method data for {method} {0x000001348f431130} 'defineClassSourceLocation' '(Ljava/security/ProtectionDomain;)Ljava/lang/String;' in 'java/lang/ClassLoader')}
  0x0000013480205d78: 48be c0a8 | 26d0 3401 | 0000 4883 | 86f8 0100 

  0x0000013480205d88: ;   {metadata(method data for {method} {0x000001348f01a838} 'toString' '()Ljava/lang/String;' in 'java/net/URL')}
  0x0000013480205d88: 0001 49b8 | e872 15d0 | 3401 0000 | 418b b0cc | 0000 0083 | c602 4189 | b0cc 0000 | 0081 e6fe 
  0x0000013480205da8: ff1f 0085 | f60f 8400 | 0200 004c 

  0x0000013480205db4: ;   {metadata(method data for {method} {0x000001348f01a838} 'toString' '()Ljava/lang/String;' in 'java/net/URL')}
  0x0000013480205db4: 8bc2 48be | e872 15d0 | 3401 0000 | 4883 8610 | 0100 0001 

  0x0000013480205dc8: ;   {metadata(method data for {method} {0x000001348f424cd0} 'toExternalForm' '()Ljava/lang/String;' in 'java/net/URL')}
  0x0000013480205dc8: 49b8 7074 | 15d0 3401 | 0000 418b | b0cc 0000 | 0083 c602 | 4189 b0cc | 0000 0081 | e6fe ff1f 
  0x0000013480205de8: 0085 f60f | 84e3 0100 | 008b 7238 | 48c1 e603 

  0x0000013480205df8: ; implicit exception: dispatches to 0x0000013480205ff5
  0x0000013480205df8: 483b 064c 

  0x0000013480205dfc: ;   {metadata(method data for {method} {0x000001348f424cd0} 'toExternalForm' '()Ljava/lang/String;' in 'java/net/URL')}
  0x0000013480205dfc: 8bc6 48bf | 7074 15d0 | 3401 0000 | 458b 4008 | 49ba 0000 | 008f 3401 | 0000 4d03 | c24c 3b87 
  0x0000013480205e1c: 2001 0000 | 750d 4883 | 8728 0100 | 0001 e960 | 0000 004c | 3b87 3001 | 0000 750d | 4883 8738 
  0x0000013480205e3c: 0100 0001 | e94a 0000 | 0048 83bf | 2001 0000 | 0075 174c | 8987 2001 | 0000 48c7 | 8728 0100 
  0x0000013480205e5c: 0001 0000 | 00e9 2900 | 0000 4883 | bf30 0100 | 0000 7517 | 4c89 8730 | 0100 0048 | c787 3801 
  0x0000013480205e7c: 0000 0100 | 0000 e908 | 0000 0048 | 8387 1001 | 0000 014c | 8bc2 488b 

  0x0000013480205e94: ;   {optimized virtual_call}
  0x0000013480205e94: d666 90e8 

  0x0000013480205e98: ; ImmutableOopMap {[120]=Oop [128]=Oop [136]=Oop [152]=Oop }
                      ;*invokevirtual toExternalForm {reexecute=0 rethrow=0 return_oop=0}
                      ; - java.net.URL::toExternalForm@5 (line 1203)
                      ; - java.net.URL::toString@1 (line 1189)
                      ; - java.lang.ClassLoader::defineClassSourceLocation@22 (line 927)
                      ; - java.lang.ClassLoader::defineClass@12 (line 1026)
  0x0000013480205e98: 042f f7ff 

  0x0000013480205e9c: ;   {other}
  0x0000013480205e9c: 0f1f 8400 | 0c05 0001 | 488b d848 | 8b84 2498 | 0000 008b | b424 9400 | 0000 8bbc | 2490 0000 
  0x0000013480205ebc: 004c 8b8c | 2488 0000 | 004c 8b84 | 2480 0000 | 0048 8b54 

  0x0000013480205ed0: ;   {metadata(method data for {method} {0x000001348f431448} 'defineClass' '(Ljava/lang/String;[BIILjava/security/ProtectionDomain;)Ljava/lang/Class;' in 'java/lang/ClassLoader')}
  0x0000013480205ed0: 2478 48b9 | 08fe 25d0 | 3401 0000 | 4883 8180 | 0100 0001 | 4c8b da49 | 8bd3 488b | c848 891c 
  0x0000013480205ef0: 2466 0f1f 

  0x0000013480205ef4: ;   {static_call}
  0x0000013480205ef4: 4400 00e8 

  0x0000013480205ef8: ; ImmutableOopMap {[120]=Oop [152]=Oop }
                      ;*invokestatic defineClass1 {reexecute=0 rethrow=0 return_oop=0}
                      ; - java.lang.ClassLoader::defineClass@27 (line 1027)
  0x0000013480205ef8: 642d 9007 

  0x0000013480205efc: ;   {other}
  0x0000013480205efc: 0f1f 8400 | 6c05 0002 | 488b 5424 

  0x0000013480205f08: ;   {metadata(method data for {method} {0x000001348f431448} 'defineClass' '(Ljava/lang/String;[BIILjava/security/ProtectionDomain;)Ljava/lang/Class;' in 'java/lang/ClassLoader')}
  0x0000013480205f08: 7849 b808 | fe25 d034 | 0100 0049 | 8380 9001 | 0000 014c | 8bc0 4c8b | 8c24 9800 | 0000 488b 
  0x0000013480205f28: 5424 7848 | 8984 24a0 | 0000 000f 

  0x0000013480205f34: ;   {optimized virtual_call}
  0x0000013480205f34: 1f40 00e8 

  0x0000013480205f38: ; ImmutableOopMap {[160]=Oop }
                      ;*invokevirtual postDefineClass {reexecute=0 rethrow=0 return_oop=0}
                      ; - java.lang.ClassLoader::defineClass@37 (line 1028)
  0x0000013480205f38: 6474 feff 

  0x0000013480205f3c: ;   {other}
  0x0000013480205f3c: 0f1f 8400 | ac05 0003 | 488b 8424 | a000 0000 | 4881 c4b0 | 0000 005d 

  0x0000013480205f54: ;   {poll_return}
  0x0000013480205f54: 493b a748 | 0400 000f | 8799 0000 

  0x0000013480205f60: ;   {metadata({method} {0x000001348f431448} 'defineClass' '(Ljava/lang/String;[BIILjava/security/ProtectionDomain;)Ljava/lang/Class;' in 'java/lang/ClassLoader')}
  0x0000013480205f60: 00c3 49ba | 4014 438f | 3401 0000 | 4c89 5424 | 0848 c704 | 24ff ffff 

  0x0000013480205f78: ;   {runtime_call counter_overflow Runtime1 stub}
  0x0000013480205f78: ffe8 821d 

  0x0000013480205f7c: ; ImmutableOopMap {rdx=Oop r8=Oop r9=Oop rcx=Oop [120]=Oop }
                      ;*synchronization entry
                      ; - java.lang.ClassLoader::defineClass@-1 (line 1025)
  0x0000013480205f7c: 4407 e987 

  0x0000013480205f80: ;   {metadata({method} {0x000001348f431130} 'defineClassSourceLocation' '(Ljava/security/ProtectionDomain;)Ljava/lang/String;' in 'java/lang/ClassLoader')}
  0x0000013480205f80: fcff ff49 | ba28 1143 | 8f34 0100 | 004c 8954 | 2408 48c7 | 0424 ffff 

  0x0000013480205f98: ;   {runtime_call counter_overflow Runtime1 stub}
  0x0000013480205f98: ffff e861 

  0x0000013480205f9c: ; ImmutableOopMap {rax=Oop [120]=Oop [128]=Oop [136]=Oop [152]=Oop }
                      ;*synchronization entry
                      ; - java.lang.ClassLoader::defineClassSourceLocation@-1 (line 924)
                      ; - java.lang.ClassLoader::defineClass@12 (line 1026)
  0x0000013480205f9c: 1d44 07e9 | 00fd ffff 

  0x0000013480205fa4: ;   {runtime_call throw_null_pointer_exception Runtime1 stub}
  0x0000013480205fa4: e857 b043 

  0x0000013480205fa8: ; ImmutableOopMap {rax=Oop [120]=Oop [128]=Oop [136]=Oop [152]=Oop }
                      ;*invokevirtual getCodeSource {reexecute=0 rethrow=0 return_oop=0}
                      ; - java.lang.ClassLoader::defineClassSourceLocation@1 (line 924)
                      ; - java.lang.ClassLoader::defineClass@12 (line 1026)
                      ;   {runtime_call throw_null_pointer_exception Runtime1 stub}
  0x0000013480205fa8: 07e8 52b0 

  0x0000013480205fac: ; ImmutableOopMap {rax=Oop r8=Oop [120]=Oop [128]=Oop [136]=Oop [152]=Oop }
                      ;*invokevirtual getLocation {reexecute=0 rethrow=0 return_oop=0}
                      ; - java.lang.ClassLoader::defineClassSourceLocation@12 (line 926)
                      ; - java.lang.ClassLoader::defineClass@12 (line 1026)
                      ;   {runtime_call throw_null_pointer_exception Runtime1 stub}
  0x0000013480205fac: 4307 e84d 

  0x0000013480205fb0: ; ImmutableOopMap {rdx=Oop [120]=Oop [128]=Oop [136]=Oop [152]=Oop }
                      ;*invokevirtual toString {reexecute=0 rethrow=0 return_oop=0}
                      ; - java.lang.ClassLoader::defineClassSourceLocation@22 (line 927)
                      ; - java.lang.ClassLoader::defineClass@12 (line 1026)
                      ;   {metadata({method} {0x000001348f01a838} 'toString' '()Ljava/lang/String;' in 'java/net/URL')}
  0x0000013480205fb0: b043 0749 | ba30 a801 | 8f34 0100 | 004c 8954 | 2408 48c7 | 0424 ffff 

  0x0000013480205fc8: ;   {runtime_call counter_overflow Runtime1 stub}
  0x0000013480205fc8: ffff e831 

  0x0000013480205fcc: ; ImmutableOopMap {rdx=Oop [120]=Oop [128]=Oop [136]=Oop [152]=Oop }
                      ;*synchronization entry
                      ; - java.net.URL::toString@-1 (line 1189)
                      ; - java.lang.ClassLoader::defineClassSourceLocation@22 (line 927)
                      ; - java.lang.ClassLoader::defineClass@12 (line 1026)
  0x0000013480205fcc: 1d44 07e9 | dffd ffff 

  0x0000013480205fd4: ;   {metadata({method} {0x000001348f424cd0} 'toExternalForm' '()Ljava/lang/String;' in 'java/net/URL')}
  0x0000013480205fd4: 49ba c84c | 428f 3401 | 0000 4c89 | 5424 0848 | c704 24ff 

  0x0000013480205fe8: ;   {runtime_call counter_overflow Runtime1 stub}
  0x0000013480205fe8: ffff ffe8 

  0x0000013480205fec: ; ImmutableOopMap {rdx=Oop [120]=Oop [128]=Oop [136]=Oop [152]=Oop }
                      ;*synchronization entry
                      ; - java.net.URL::toExternalForm@-1 (line 1203)
                      ; - java.net.URL::toString@1 (line 1189)
                      ; - java.lang.ClassLoader::defineClassSourceLocation@22 (line 927)
                      ; - java.lang.ClassLoader::defineClass@12 (line 1026)
  0x0000013480205fec: 101d 4407 | e9fc fdff 

  0x0000013480205ff4: ;   {runtime_call throw_null_pointer_exception Runtime1 stub}
  0x0000013480205ff4: ffe8 06b0 

  0x0000013480205ff8: ; ImmutableOopMap {rdx=Oop rsi=Oop [120]=Oop [128]=Oop [136]=Oop [152]=Oop }
                      ;*invokevirtual toExternalForm {reexecute=0 rethrow=0 return_oop=0}
                      ; - java.net.URL::toExternalForm@5 (line 1203)
                      ; - java.net.URL::toString@1 (line 1189)
                      ; - java.lang.ClassLoader::defineClassSourceLocation@22 (line 927)
                      ; - java.lang.ClassLoader::defineClass@12 (line 1026)
                      ;   {internal_word}
  0x0000013480205ff8: 4307 49ba | 545f 2080 | 3401 0000 | 4d89 9760 

  0x0000013480206008: ;   {runtime_call SafepointBlob}
  0x0000013480206008: 0400 00e9 | f0f6 3707 | 498b 87f8 | 0400 0049 | c787 f804 | 0000 0000 | 0000 49c7 | 8700 0500 
  0x0000013480206028: 0000 0000 | 0048 81c4 | b000 0000 

  0x0000013480206034: ;   {runtime_call unwind_exception Runtime1 stub}
  0x0000013480206034: 5de9 4693 | 4307 f4f4 | f4f4 f4f4 
[Stub Code]
  0x0000013480206040: ;   {no_reloc}
  0x0000013480206040: 0f1f 4400 

  0x0000013480206044: ;   {static_stub}
  0x0000013480206044: 0048 bb00 | 0000 0000 

  0x000001348020604c: ;   {runtime_call nmethod}
  0x000001348020604c: 0000 00e9 | fbff ffff 

  0x0000013480206054: ;   {static_stub}
  0x0000013480206054: 48bb 0000 | 0000 0000 

  0x000001348020605c: ;   {runtime_call nmethod}
  0x000001348020605c: 0000 e9fb 

  0x0000013480206060: ;   {static_stub}
  0x0000013480206060: ffff ff48 | bb00 0000 | 0000 0000 

  0x000001348020606c: ;   {runtime_call nmethod}
  0x000001348020606c: 00e9 fbff 

  0x0000013480206070: ;   {static_stub}
  0x0000013480206070: ffff 48bb | 0000 0000 | 0000 0000 

  0x000001348020607c: ;   {runtime_call nmethod}
  0x000001348020607c: e9fb ffff 

  0x0000013480206080: ;   {runtime_call handle_exception_from_callee Runtime1 stub}
  0x0000013480206080: ffe8 fae4 

  0x0000013480206084: ;   {external_word}
  0x0000013480206084: 4307 48b9 | 4080 70ff | fa7f 0000 | 4883 e4f0 

  0x0000013480206094: ;   {runtime_call}
  0x0000013480206094: 48b8 80ed | 32ff fa7f | 0000 ffd0 

  0x00000134802060a0: ;   {section_word}
  0x00000134802060a0: f449 baa1 | 6020 8034 | 0100 0041 

  0x00000134802060ac: ;   {runtime_call DeoptimizationBlob}
  0x00000134802060ac: 52e9 eee8 | 3707 f4f4 | f4f4 f4f4 
[/MachCode]


Compiled method (c1) 2388 1131       3       java.security.SecureClassLoader::defineClass (16 bytes)
 total in heap  [0x00000134801e3810,0x00000134801e3c10] = 1024
 relocation     [0x00000134801e3970,0x00000134801e39c0] = 80
 main code      [0x00000134801e39c0,0x00000134801e3b18] = 344
 stub code      [0x00000134801e3b18,0x00000134801e3b68] = 80
 metadata       [0x00000134801e3b68,0x00000134801e3b70] = 8
 scopes data    [0x00000134801e3b70,0x00000134801e3bb8] = 72
 scopes pcs     [0x00000134801e3bb8,0x00000134801e3c08] = 80
 dependencies   [0x00000134801e3c08,0x00000134801e3c10] = 8

[Constant Pool (empty)]

[MachCode]
[Entry Point]
  # {method} {0x000001348f04d3e8} 'defineClass' '(Ljava/lang/String;[BIILjava/security/CodeSource;)Ljava/lang/Class;' in 'java/security/SecureClassLoader'
  # this:     rdx:rdx   = 'java/security/SecureClassLoader'
  # parm0:    r8:r8     = 'java/lang/String'
  # parm1:    r9:r9     = '[B'
  # parm2:    rdi       = int
  # parm3:    rsi       = int
  # parm4:    rcx:rcx   = 'java/security/CodeSource'
  #           [sp+0x80]  (sp of caller)
  0x00000134801e39c0: 448b 5208 | 49bb 0000 | 008f 3401 | 0000 4d03 | d34c 3bd0 

  0x00000134801e39d4: ;   {runtime_call ic_miss_stub}
  0x00000134801e39d4: 0f85 a6ad | 3907 660f | 1f44 0000 
[Verified Entry Point]
  0x00000134801e39e0: 8984 2400 | 80ff ff55 | 4883 ec70 | 4181 7f20 | 0100 0000 

  0x00000134801e39f4: ;   {runtime_call StubRoutines (final stubs)}
  0x00000134801e39f4: 7405 e865 

  0x00000134801e39f8: ;   {metadata(method data for {method} {0x000001348f04d3e8} 'defineClass' '(Ljava/lang/String;[BIILjava/security/CodeSource;)Ljava/lang/Class;' in 'java/security/SecureClassLoader')}
  0x00000134801e39f8: 1338 0748 | bb00 e81b | d034 0100 | 008b 83cc | 0000 0083 | c002 8983 | cc00 0000 | 25fe 0700 
  0x00000134801e3a18: 0085 c00f | 8496 0000 | 0089 7424 | 5c89 7c24 | 584c 894c | 2450 4c89 | 4424 4848 

  0x00000134801e3a34: ;   {metadata(method data for {method} {0x000001348f04d3e8} 'defineClass' '(Ljava/lang/String;[BIILjava/security/CodeSource;)Ljava/lang/Class;' in 'java/security/SecureClassLoader')}
  0x00000134801e3a34: 8bda 48b8 | 00e8 1bd0 | 3401 0000 | 4883 8010 | 0100 0001 | 4c8b c148 | 8bc2 488b | d048 8944 
  0x00000134801e3a54: ;   {optimized virtual_call}
  0x00000134801e3a54: 2440 90e8 

  0x00000134801e3a58: ; ImmutableOopMap {[64]=Oop [72]=Oop [80]=Oop }
                      ;*invokevirtual getProtectionDomain {reexecute=0 rethrow=0 return_oop=0}
                      ; - java.security.SecureClassLoader::defineClass@9 (line 150)
  0x00000134801e3a58: 44e8 fdff 

  0x00000134801e3a5c: ;   {other}
  0x00000134801e3a5c: 0f1f 8400 | 4c02 0000 | 488b 5424 

  0x00000134801e3a68: ;   {metadata(method data for {method} {0x000001348f04d3e8} 'defineClass' '(Ljava/lang/String;[BIILjava/security/CodeSource;)Ljava/lang/Class;' in 'java/security/SecureClassLoader')}
  0x00000134801e3a68: 4049 b800 | e81b d034 | 0100 0049 | 8380 4801 | 0000 014c | 8b44 2448 | 4c8b 4c24 | 508b 7c24 
  0x00000134801e3a88: 588b 7424 | 5c48 8bc8 | 488b 5424 

  0x00000134801e3a94: ;   {optimized virtual_call}
  0x00000134801e3a94: 4066 90e8 

  0x00000134801e3a98: ; ImmutableOopMap {}
                      ;*invokevirtual defineClass {reexecute=0 rethrow=0 return_oop=0}
                      ; - java.security.SecureClassLoader::defineClass@12 (line 150)
  0x00000134801e3a98: 2421 0200 

  0x00000134801e3a9c: ;   {other}
  0x00000134801e3a9c: 0f1f 8400 | 8c02 0001 | 4883 c470 

  0x00000134801e3aa8: ;   {poll_return}
  0x00000134801e3aa8: 5d49 3ba7 | 4804 0000 | 0f87 2200 

  0x00000134801e3ab4: ;   {metadata({method} {0x000001348f04d3e8} 'defineClass' '(Ljava/lang/String;[BIILjava/security/CodeSource;)Ljava/lang/Class;' in 'java/security/SecureClassLoader')}
  0x00000134801e3ab4: 0000 c349 | bae0 d304 | 8f34 0100 | 004c 8954 | 2408 48c7 | 0424 ffff 

  0x00000134801e3acc: ;   {runtime_call counter_overflow Runtime1 stub}
  0x00000134801e3acc: ffff e82d 

  0x00000134801e3ad0: ; ImmutableOopMap {rdx=Oop r8=Oop r9=Oop rcx=Oop }
                      ;*synchronization entry
                      ; - java.security.SecureClassLoader::defineClass@-1 (line 150)
  0x00000134801e3ad0: 4246 07e9 | 49ff ffff 

  0x00000134801e3ad8: ;   {internal_word}
  0x00000134801e3ad8: 49ba a93a | 1e80 3401 | 0000 4d89 | 9760 0400 

  0x00000134801e3ae8: ;   {runtime_call SafepointBlob}
  0x00000134801e3ae8: 00e9 121c | 3a07 498b | 87f8 0400 | 0049 c787 | f804 0000 | 0000 0000 | 49c7 8700 | 0500 0000 
  0x00000134801e3b08: 0000 0048 | 83c4 705d 

  0x00000134801e3b10: ;   {runtime_call unwind_exception Runtime1 stub}
  0x00000134801e3b10: e96b b845 | 07f4 f4f4 
[Stub Code]
  0x00000134801e3b18: ;   {no_reloc}
  0x00000134801e3b18: 48bb 0000 | 0000 0000 

  0x00000134801e3b20: ;   {runtime_call nmethod}
  0x00000134801e3b20: 0000 e9fb 

  0x00000134801e3b24: ;   {static_stub}
  0x00000134801e3b24: ffff ff48 | bb40 1443 | 8f34 0100 

  0x00000134801e3b30: ;   {runtime_call I2C/C2I adapters}
  0x00000134801e3b30: 00e9 3fd6 

  0x00000134801e3b34: ;   {runtime_call handle_exception_from_callee Runtime1 stub}
  0x00000134801e3b34: 3807 e845 

  0x00000134801e3b38: ;   {external_word}
  0x00000134801e3b38: 0a46 0748 | b940 8070 | fffa 7f00 | 0048 83e4 

  0x00000134801e3b48: ;   {runtime_call}
  0x00000134801e3b48: f048 b880 | ed32 fffa | 7f00 00ff 

  0x00000134801e3b54: ;   {section_word}
  0x00000134801e3b54: d0f4 49ba | 563b 1e80 | 3401 0000 

  0x00000134801e3b60: ;   {runtime_call DeoptimizationBlob}
  0x00000134801e3b60: 4152 e939 | 0e3a 07f4 
[/MachCode]


---------------  P R O C E S S  ---------------

Threads class SMR info:
_java_thread_list=0x00000134d4f90830, length=16, elements={
0x00000134eb2ce290, 0x00000134fb821b20, 0x00000134fb824580, 0x00000134fb82b5e0,
0x00000134fb82c4c0, 0x00000134fb82cf10, 0x00000134fb835aa0, 0x00000134fb8406b0,
0x00000134fb8517b0, 0x00000134d40f04b0, 0x00000134d4386640, 0x00000134d40edd50,
0x00000134d40f0b40, 0x00000134d40ef100, 0x00000134d40ef790, 0x00000134d40eea70
}

Java Threads: ( => current thread )
  0x00000134eb2ce290 JavaThread "main"                              [_thread_blocked, id=27776, stack(0x0000002eda900000,0x0000002edaa00000) (1024K)]
  0x00000134fb821b20 JavaThread "Reference Handler"          daemon [_thread_blocked, id=24420, stack(0x0000002edb100000,0x0000002edb200000) (1024K)]
  0x00000134fb824580 JavaThread "Finalizer"                  daemon [_thread_blocked, id=11256, stack(0x0000002edb200000,0x0000002edb300000) (1024K)]
  0x00000134fb82b5e0 JavaThread "Signal Dispatcher"          daemon [_thread_blocked, id=21104, stack(0x0000002edb300000,0x0000002edb400000) (1024K)]
  0x00000134fb82c4c0 JavaThread "Attach Listener"            daemon [_thread_blocked, id=22484, stack(0x0000002edb400000,0x0000002edb500000) (1024K)]
  0x00000134fb82cf10 JavaThread "Service Thread"             daemon [_thread_blocked, id=28352, stack(0x0000002edb500000,0x0000002edb600000) (1024K)]
  0x00000134fb835aa0 JavaThread "Monitor Deflation Thread"   daemon [_thread_blocked, id=26804, stack(0x0000002edb600000,0x0000002edb700000) (1024K)]
  0x00000134fb8406b0 JavaThread "C2 CompilerThread0"         daemon [_thread_blocked, id=28628, stack(0x0000002edb700000,0x0000002edb800000) (1024K)]
  0x00000134fb8517b0 JavaThread "C1 CompilerThread0"         daemon [_thread_blocked, id=19444, stack(0x0000002edb800000,0x0000002edb900000) (1024K)]
  0x00000134d40f04b0 JavaThread "Common-Cleaner"             daemon [_thread_blocked, id=19916, stack(0x0000002edb900000,0x0000002edba00000) (1024K)]
  0x00000134d4386640 JavaThread "C2 CompilerThread1"         daemon [_thread_blocked, id=4144, stack(0x0000002edba00000,0x0000002edbb00000) (1024K)]
  0x00000134d40edd50 JavaThread "Monitor Ctrl-Break"         daemon [_thread_in_native, id=17348, stack(0x0000002edbb00000,0x0000002edbc00000) (1024K)]
  0x00000134d40f0b40 JavaThread "Notification Thread"        daemon [_thread_blocked, id=16856, stack(0x0000002edbc00000,0x0000002edbd00000) (1024K)]
  0x00000134d40ef100 JavaThread "Thread-0"                          [_thread_blocked, id=1680, stack(0x0000002edbd00000,0x0000002edbe00000) (1024K)]
=>0x00000134d40ef790 JavaThread "restartedMain"                     [_thread_in_vm, id=24688, stack(0x0000002edbe00000,0x0000002edbf00000) (1024K)]
  0x00000134d40eea70 JavaThread "background-preinit"                [_thread_in_vm, id=26392, stack(0x0000002edc400000,0x0000002edc500000) (1024K)]
Total: 16

Other Threads:
  0x00000134e8e32780 VMThread "VM Thread"                           [id=22828, stack(0x0000002edb000000,0x0000002edb100000) (1024K)]
  0x00000134fb7f68b0 WatcherThread "VM Periodic Task Thread"        [id=23708, stack(0x0000002edaf00000,0x0000002edb000000) (1024K)]
  0x00000134e8e32b20 WorkerThread "GC Thread#0"                     [id=27596, stack(0x0000002edaa00000,0x0000002edab00000) (1024K)]
  0x00000134e8e323e0 WorkerThread "GC Thread#1"                     [id=25760, stack(0x0000002edbf00000,0x0000002edc000000) (1024K)]
  0x00000134e8e31560 WorkerThread "GC Thread#2"                     [id=5404, stack(0x0000002edc000000,0x0000002edc100000) (1024K)]
  0x00000134e8e31900 WorkerThread "GC Thread#3"                     [id=25864, stack(0x0000002edc100000,0x0000002edc200000) (1024K)]
  0x00000134d5012220 WorkerThread "GC Thread#4"                     [id=22104, stack(0x0000002edc200000,0x0000002edc300000) (1024K)]
  0x00000134d50125c0 WorkerThread "GC Thread#5"                     [id=24320, stack(0x0000002edc300000,0x0000002edc400000) (1024K)]
  0x00000134d5015140 WorkerThread "GC Thread#6"                     [id=23480, stack(0x0000002edc500000,0x0000002edc600000) (1024K)]
  0x00000134d5012d00 WorkerThread "GC Thread#7"                     [id=25936, stack(0x0000002edc600000,0x0000002edc700000) (1024K)]
  0x00000134d5014a00 WorkerThread "GC Thread#8"                     [id=19856, stack(0x0000002edc700000,0x0000002edc800000) (1024K)]
  0x00000134d5013f20 WorkerThread "GC Thread#9"                     [id=14928, stack(0x0000002edc800000,0x0000002edc900000) (1024K)]
  0x00000134eb3432a0 ConcurrentGCThread "G1 Main Marker"            [id=25328, stack(0x0000002edab00000,0x0000002edac00000) (1024K)]
  0x00000134e8e311c0 WorkerThread "G1 Conc#0"                       [id=13784, stack(0x0000002edac00000,0x0000002edad00000) (1024K)]
  0x00000134fb6ca290 ConcurrentGCThread "G1 Refine#0"               [id=25740, stack(0x0000002edad00000,0x0000002edae00000) (1024K)]
  0x00000134fb6cbac0 ConcurrentGCThread "G1 Service"                [id=25492, stack(0x0000002edae00000,0x0000002edaf00000) (1024K)]
Total: 16

Threads with active compile tasks:
Total: 0

VM state: not at safepoint (normal execution)

VM Mutex/Monitor currently owned by a thread:  ([mutex/lock_event])
[0x00007ffaff9bc2a0] Metaspace_lock - owner thread: 0x00000134d40ef790

Heap address: 0x000000070ac00000, size: 3924 MB, Compressed Oops mode: Zero based, Oop shift amount: 3

CDS archive(s) mapped at: [0x000001348f000000-0x000001348fc80000-0x000001348fc80000), size 13107200, SharedBaseAddress: 0x000001348f000000, ArchiveRelocationMode: 1.
Compressed class space mapped at: 0x0000013490000000-0x00000134d0000000, reserved size: 1073741824
Narrow klass base: 0x000001348f000000, Narrow klass shift: 0, Narrow klass range: 0x100000000

GC Precious Log:
 CardTable entry size: 512
 Card Set container configuration: InlinePtr #cards 4 size 8 Array Of Cards #cards 16 size 48 Howl #buckets 8 coarsen threshold 3686 Howl Bitmap #cards 512 size 80 coarsen threshold 460 Card regions per heap region 1 cards per card region 4096
 CPUs: 12 total, 12 available
 Memory: 15693M
 Large Page Support: Disabled
 NUMA Support: Disabled
 Compressed Oops: Enabled (Zero based)
 Heap Region Size: 2M
 Heap Min Capacity: 8M
 Heap Initial Capacity: 246M
 Heap Max Capacity: 3924M
 Pre-touch: Disabled
 Parallel Workers: 10
 Concurrent Workers: 3
 Concurrent Refinement Workers: 10
 Periodic GC: Disabled

Heap:
 garbage-first heap   total 251904K, used 7288K [0x000000070ac00000, 0x0000000800000000)
  region size 2048K, 3 young (6144K), 2 survivors (4096K)
 Metaspace       used 14970K, committed 15232K, reserved 1114112K
  class space    used 1830K, committed 1984K, reserved 1048576K

Heap Regions: E=young(eden), S=young(survivor), O=old, HS=humongous(starts), HC=humongous(continues), CS=collection set, F=free, TAMS=top-at-mark-start, PB=parsable bottom
|   0|0x000000070ac00000, 0x000000070ae00000, 0x000000070ae00000|100%| O|  |TAMS 0x000000070ac00000| PB 0x000000070ac00000| Untracked 
|   1|0x000000070ae00000, 0x000000070b000000, 0x000000070b000000|100%| O|  |TAMS 0x000000070ae00000| PB 0x000000070ae00000| Untracked 
|   2|0x000000070b000000, 0x000000070b04dcc0, 0x000000070b200000| 15%| O|  |TAMS 0x000000070b000000| PB 0x000000070b000000| Untracked 
|   3|0x000000070b200000, 0x000000070b200000, 0x000000070b400000|  0%| F|  |TAMS 0x000000070b200000| PB 0x000000070b200000| Untracked 
|   4|0x000000070b400000, 0x000000070b400000, 0x000000070b600000|  0%| F|  |TAMS 0x000000070b400000| PB 0x000000070b400000| Untracked 
|   5|0x000000070b600000, 0x000000070b600000, 0x000000070b800000|  0%| F|  |TAMS 0x000000070b600000| PB 0x000000070b600000| Untracked 
|   6|0x000000070b800000, 0x000000070b800000, 0x000000070ba00000|  0%| F|  |TAMS 0x000000070b800000| PB 0x000000070b800000| Untracked 
|   7|0x000000070ba00000, 0x000000070ba00000, 0x000000070bc00000|  0%| F|  |TAMS 0x000000070ba00000| PB 0x000000070ba00000| Untracked 
|   8|0x000000070bc00000, 0x000000070bc00000, 0x000000070be00000|  0%| F|  |TAMS 0x000000070bc00000| PB 0x000000070bc00000| Untracked 
|   9|0x000000070be00000, 0x000000070be00000, 0x000000070c000000|  0%| F|  |TAMS 0x000000070be00000| PB 0x000000070be00000| Untracked 
|  10|0x000000070c000000, 0x000000070c000000, 0x000000070c200000|  0%| F|  |TAMS 0x000000070c000000| PB 0x000000070c000000| Untracked 
|  11|0x000000070c200000, 0x000000070c200000, 0x000000070c400000|  0%| F|  |TAMS 0x000000070c200000| PB 0x000000070c200000| Untracked 
|  12|0x000000070c400000, 0x000000070c400000, 0x000000070c600000|  0%| F|  |TAMS 0x000000070c400000| PB 0x000000070c400000| Untracked 
|  13|0x000000070c600000, 0x000000070c600000, 0x000000070c800000|  0%| F|  |TAMS 0x000000070c600000| PB 0x000000070c600000| Untracked 
|  14|0x000000070c800000, 0x000000070c800000, 0x000000070ca00000|  0%| F|  |TAMS 0x000000070c800000| PB 0x000000070c800000| Untracked 
|  15|0x000000070ca00000, 0x000000070ca00000, 0x000000070cc00000|  0%| F|  |TAMS 0x000000070ca00000| PB 0x000000070ca00000| Untracked 
|  16|0x000000070cc00000, 0x000000070cc00000, 0x000000070ce00000|  0%| F|  |TAMS 0x000000070cc00000| PB 0x000000070cc00000| Untracked 
|  17|0x000000070ce00000, 0x000000070ce00000, 0x000000070d000000|  0%| F|  |TAMS 0x000000070ce00000| PB 0x000000070ce00000| Untracked 
|  18|0x000000070d000000, 0x000000070d000000, 0x000000070d200000|  0%| F|  |TAMS 0x000000070d000000| PB 0x000000070d000000| Untracked 
|  19|0x000000070d200000, 0x000000070d200000, 0x000000070d400000|  0%| F|  |TAMS 0x000000070d200000| PB 0x000000070d200000| Untracked 
|  20|0x000000070d400000, 0x000000070d400000, 0x000000070d600000|  0%| F|  |TAMS 0x000000070d400000| PB 0x000000070d400000| Untracked 
|  21|0x000000070d600000, 0x000000070d600000, 0x000000070d800000|  0%| F|  |TAMS 0x000000070d600000| PB 0x000000070d600000| Untracked 
|  22|0x000000070d800000, 0x000000070d800000, 0x000000070da00000|  0%| F|  |TAMS 0x000000070d800000| PB 0x000000070d800000| Untracked 
|  23|0x000000070da00000, 0x000000070da00000, 0x000000070dc00000|  0%| F|  |TAMS 0x000000070da00000| PB 0x000000070da00000| Untracked 
|  24|0x000000070dc00000, 0x000000070dc00000, 0x000000070de00000|  0%| F|  |TAMS 0x000000070dc00000| PB 0x000000070dc00000| Untracked 
|  25|0x000000070de00000, 0x000000070de00000, 0x000000070e000000|  0%| F|  |TAMS 0x000000070de00000| PB 0x000000070de00000| Untracked 
|  26|0x000000070e000000, 0x000000070e000000, 0x000000070e200000|  0%| F|  |TAMS 0x000000070e000000| PB 0x000000070e000000| Untracked 
|  27|0x000000070e200000, 0x000000070e200000, 0x000000070e400000|  0%| F|  |TAMS 0x000000070e200000| PB 0x000000070e200000| Untracked 
|  28|0x000000070e400000, 0x000000070e400000, 0x000000070e600000|  0%| F|  |TAMS 0x000000070e400000| PB 0x000000070e400000| Untracked 
|  29|0x000000070e600000, 0x000000070e600000, 0x000000070e800000|  0%| F|  |TAMS 0x000000070e600000| PB 0x000000070e600000| Untracked 
|  30|0x000000070e800000, 0x000000070e800000, 0x000000070ea00000|  0%| F|  |TAMS 0x000000070e800000| PB 0x000000070e800000| Untracked 
|  31|0x000000070ea00000, 0x000000070ea00000, 0x000000070ec00000|  0%| F|  |TAMS 0x000000070ea00000| PB 0x000000070ea00000| Untracked 
|  32|0x000000070ec00000, 0x000000070ec00000, 0x000000070ee00000|  0%| F|  |TAMS 0x000000070ec00000| PB 0x000000070ec00000| Untracked 
|  33|0x000000070ee00000, 0x000000070ee00000, 0x000000070f000000|  0%| F|  |TAMS 0x000000070ee00000| PB 0x000000070ee00000| Untracked 
|  34|0x000000070f000000, 0x000000070f000000, 0x000000070f200000|  0%| F|  |TAMS 0x000000070f000000| PB 0x000000070f000000| Untracked 
|  35|0x000000070f200000, 0x000000070f200000, 0x000000070f400000|  0%| F|  |TAMS 0x000000070f200000| PB 0x000000070f200000| Untracked 
|  36|0x000000070f400000, 0x000000070f400000, 0x000000070f600000|  0%| F|  |TAMS 0x000000070f400000| PB 0x000000070f400000| Untracked 
|  37|0x000000070f600000, 0x000000070f600000, 0x000000070f800000|  0%| F|  |TAMS 0x000000070f600000| PB 0x000000070f600000| Untracked 
|  38|0x000000070f800000, 0x000000070f800000, 0x000000070fa00000|  0%| F|  |TAMS 0x000000070f800000| PB 0x000000070f800000| Untracked 
|  39|0x000000070fa00000, 0x000000070fa00000, 0x000000070fc00000|  0%| F|  |TAMS 0x000000070fa00000| PB 0x000000070fa00000| Untracked 
|  40|0x000000070fc00000, 0x000000070fc00000, 0x000000070fe00000|  0%| F|  |TAMS 0x000000070fc00000| PB 0x000000070fc00000| Untracked 
|  41|0x000000070fe00000, 0x000000070fe00000, 0x0000000710000000|  0%| F|  |TAMS 0x000000070fe00000| PB 0x000000070fe00000| Untracked 
|  42|0x0000000710000000, 0x0000000710000000, 0x0000000710200000|  0%| F|  |TAMS 0x0000000710000000| PB 0x0000000710000000| Untracked 
|  43|0x0000000710200000, 0x0000000710200000, 0x0000000710400000|  0%| F|  |TAMS 0x0000000710200000| PB 0x0000000710200000| Untracked 
|  44|0x0000000710400000, 0x0000000710400000, 0x0000000710600000|  0%| F|  |TAMS 0x0000000710400000| PB 0x0000000710400000| Untracked 
|  45|0x0000000710600000, 0x0000000710600000, 0x0000000710800000|  0%| F|  |TAMS 0x0000000710600000| PB 0x0000000710600000| Untracked 
|  46|0x0000000710800000, 0x0000000710800000, 0x0000000710a00000|  0%| F|  |TAMS 0x0000000710800000| PB 0x0000000710800000| Untracked 
|  47|0x0000000710a00000, 0x0000000710a00000, 0x0000000710c00000|  0%| F|  |TAMS 0x0000000710a00000| PB 0x0000000710a00000| Untracked 
|  48|0x0000000710c00000, 0x0000000710c00000, 0x0000000710e00000|  0%| F|  |TAMS 0x0000000710c00000| PB 0x0000000710c00000| Untracked 
|  49|0x0000000710e00000, 0x0000000710e00000, 0x0000000711000000|  0%| F|  |TAMS 0x0000000710e00000| PB 0x0000000710e00000| Untracked 
|  50|0x0000000711000000, 0x0000000711000000, 0x0000000711200000|  0%| F|  |TAMS 0x0000000711000000| PB 0x0000000711000000| Untracked 
|  51|0x0000000711200000, 0x0000000711200000, 0x0000000711400000|  0%| F|  |TAMS 0x0000000711200000| PB 0x0000000711200000| Untracked 
|  52|0x0000000711400000, 0x0000000711400000, 0x0000000711600000|  0%| F|  |TAMS 0x0000000711400000| PB 0x0000000711400000| Untracked 
|  53|0x0000000711600000, 0x0000000711600000, 0x0000000711800000|  0%| F|  |TAMS 0x0000000711600000| PB 0x0000000711600000| Untracked 
|  54|0x0000000711800000, 0x0000000711800000, 0x0000000711a00000|  0%| F|  |TAMS 0x0000000711800000| PB 0x0000000711800000| Untracked 
|  55|0x0000000711a00000, 0x0000000711a00000, 0x0000000711c00000|  0%| F|  |TAMS 0x0000000711a00000| PB 0x0000000711a00000| Untracked 
|  56|0x0000000711c00000, 0x0000000711c00000, 0x0000000711e00000|  0%| F|  |TAMS 0x0000000711c00000| PB 0x0000000711c00000| Untracked 
|  57|0x0000000711e00000, 0x0000000711e00000, 0x0000000712000000|  0%| F|  |TAMS 0x0000000711e00000| PB 0x0000000711e00000| Untracked 
|  58|0x0000000712000000, 0x0000000712000000, 0x0000000712200000|  0%| F|  |TAMS 0x0000000712000000| PB 0x0000000712000000| Untracked 
|  59|0x0000000712200000, 0x0000000712200000, 0x0000000712400000|  0%| F|  |TAMS 0x0000000712200000| PB 0x0000000712200000| Untracked 
|  60|0x0000000712400000, 0x0000000712400000, 0x0000000712600000|  0%| F|  |TAMS 0x0000000712400000| PB 0x0000000712400000| Untracked 
|  61|0x0000000712600000, 0x0000000712600000, 0x0000000712800000|  0%| F|  |TAMS 0x0000000712600000| PB 0x0000000712600000| Untracked 
|  62|0x0000000712800000, 0x0000000712800000, 0x0000000712a00000|  0%| F|  |TAMS 0x0000000712800000| PB 0x0000000712800000| Untracked 
|  63|0x0000000712a00000, 0x0000000712a00000, 0x0000000712c00000|  0%| F|  |TAMS 0x0000000712a00000| PB 0x0000000712a00000| Untracked 
|  64|0x0000000712c00000, 0x0000000712c00000, 0x0000000712e00000|  0%| F|  |TAMS 0x0000000712c00000| PB 0x0000000712c00000| Untracked 
|  65|0x0000000712e00000, 0x0000000712e00000, 0x0000000713000000|  0%| F|  |TAMS 0x0000000712e00000| PB 0x0000000712e00000| Untracked 
|  66|0x0000000713000000, 0x0000000713000000, 0x0000000713200000|  0%| F|  |TAMS 0x0000000713000000| PB 0x0000000713000000| Untracked 
|  67|0x0000000713200000, 0x0000000713200000, 0x0000000713400000|  0%| F|  |TAMS 0x0000000713200000| PB 0x0000000713200000| Untracked 
|  68|0x0000000713400000, 0x0000000713400000, 0x0000000713600000|  0%| F|  |TAMS 0x0000000713400000| PB 0x0000000713400000| Untracked 
|  69|0x0000000713600000, 0x0000000713600000, 0x0000000713800000|  0%| F|  |TAMS 0x0000000713600000| PB 0x0000000713600000| Untracked 
|  70|0x0000000713800000, 0x0000000713800000, 0x0000000713a00000|  0%| F|  |TAMS 0x0000000713800000| PB 0x0000000713800000| Untracked 
|  71|0x0000000713a00000, 0x0000000713a00000, 0x0000000713c00000|  0%| F|  |TAMS 0x0000000713a00000| PB 0x0000000713a00000| Untracked 
|  72|0x0000000713c00000, 0x0000000713c00000, 0x0000000713e00000|  0%| F|  |TAMS 0x0000000713c00000| PB 0x0000000713c00000| Untracked 
|  73|0x0000000713e00000, 0x0000000713e00000, 0x0000000714000000|  0%| F|  |TAMS 0x0000000713e00000| PB 0x0000000713e00000| Untracked 
|  74|0x0000000714000000, 0x0000000714000000, 0x0000000714200000|  0%| F|  |TAMS 0x0000000714000000| PB 0x0000000714000000| Untracked 
|  75|0x0000000714200000, 0x0000000714200000, 0x0000000714400000|  0%| F|  |TAMS 0x0000000714200000| PB 0x0000000714200000| Untracked 
|  76|0x0000000714400000, 0x0000000714400000, 0x0000000714600000|  0%| F|  |TAMS 0x0000000714400000| PB 0x0000000714400000| Untracked 
|  77|0x0000000714600000, 0x0000000714600000, 0x0000000714800000|  0%| F|  |TAMS 0x0000000714600000| PB 0x0000000714600000| Untracked 
|  78|0x0000000714800000, 0x0000000714800000, 0x0000000714a00000|  0%| F|  |TAMS 0x0000000714800000| PB 0x0000000714800000| Untracked 
|  79|0x0000000714a00000, 0x0000000714a00000, 0x0000000714c00000|  0%| F|  |TAMS 0x0000000714a00000| PB 0x0000000714a00000| Untracked 
|  80|0x0000000714c00000, 0x0000000714c00000, 0x0000000714e00000|  0%| F|  |TAMS 0x0000000714c00000| PB 0x0000000714c00000| Untracked 
|  81|0x0000000714e00000, 0x0000000714e00000, 0x0000000715000000|  0%| F|  |TAMS 0x0000000714e00000| PB 0x0000000714e00000| Untracked 
|  82|0x0000000715000000, 0x0000000715000000, 0x0000000715200000|  0%| F|  |TAMS 0x0000000715000000| PB 0x0000000715000000| Untracked 
|  83|0x0000000715200000, 0x0000000715200000, 0x0000000715400000|  0%| F|  |TAMS 0x0000000715200000| PB 0x0000000715200000| Untracked 
|  84|0x0000000715400000, 0x0000000715400000, 0x0000000715600000|  0%| F|  |TAMS 0x0000000715400000| PB 0x0000000715400000| Untracked 
|  85|0x0000000715600000, 0x0000000715600000, 0x0000000715800000|  0%| F|  |TAMS 0x0000000715600000| PB 0x0000000715600000| Untracked 
|  86|0x0000000715800000, 0x0000000715800000, 0x0000000715a00000|  0%| F|  |TAMS 0x0000000715800000| PB 0x0000000715800000| Untracked 
|  87|0x0000000715a00000, 0x0000000715a00000, 0x0000000715c00000|  0%| F|  |TAMS 0x0000000715a00000| PB 0x0000000715a00000| Untracked 
|  88|0x0000000715c00000, 0x0000000715c00000, 0x0000000715e00000|  0%| F|  |TAMS 0x0000000715c00000| PB 0x0000000715c00000| Untracked 
|  89|0x0000000715e00000, 0x0000000715e00000, 0x0000000716000000|  0%| F|  |TAMS 0x0000000715e00000| PB 0x0000000715e00000| Untracked 
|  90|0x0000000716000000, 0x0000000716000000, 0x0000000716200000|  0%| F|  |TAMS 0x0000000716000000| PB 0x0000000716000000| Untracked 
|  91|0x0000000716200000, 0x0000000716200000, 0x0000000716400000|  0%| F|  |TAMS 0x0000000716200000| PB 0x0000000716200000| Untracked 
|  92|0x0000000716400000, 0x0000000716400000, 0x0000000716600000|  0%| F|  |TAMS 0x0000000716400000| PB 0x0000000716400000| Untracked 
|  93|0x0000000716600000, 0x0000000716600000, 0x0000000716800000|  0%| F|  |TAMS 0x0000000716600000| PB 0x0000000716600000| Untracked 
|  94|0x0000000716800000, 0x0000000716800000, 0x0000000716a00000|  0%| F|  |TAMS 0x0000000716800000| PB 0x0000000716800000| Untracked 
|  95|0x0000000716a00000, 0x0000000716a00000, 0x0000000716c00000|  0%| F|  |TAMS 0x0000000716a00000| PB 0x0000000716a00000| Untracked 
|  96|0x0000000716c00000, 0x0000000716c00000, 0x0000000716e00000|  0%| F|  |TAMS 0x0000000716c00000| PB 0x0000000716c00000| Untracked 
|  97|0x0000000716e00000, 0x0000000716e00000, 0x0000000717000000|  0%| F|  |TAMS 0x0000000716e00000| PB 0x0000000716e00000| Untracked 
|  98|0x0000000717000000, 0x0000000717000000, 0x0000000717200000|  0%| F|  |TAMS 0x0000000717000000| PB 0x0000000717000000| Untracked 
|  99|0x0000000717200000, 0x0000000717200000, 0x0000000717400000|  0%| F|  |TAMS 0x0000000717200000| PB 0x0000000717200000| Untracked 
| 100|0x0000000717400000, 0x0000000717400000, 0x0000000717600000|  0%| F|  |TAMS 0x0000000717400000| PB 0x0000000717400000| Untracked 
| 101|0x0000000717600000, 0x0000000717600000, 0x0000000717800000|  0%| F|  |TAMS 0x0000000717600000| PB 0x0000000717600000| Untracked 
| 102|0x0000000717800000, 0x0000000717800000, 0x0000000717a00000|  0%| F|  |TAMS 0x0000000717800000| PB 0x0000000717800000| Untracked 
| 103|0x0000000717a00000, 0x0000000717ad0478, 0x0000000717c00000| 40%| S|CS|TAMS 0x0000000717a00000| PB 0x0000000717a00000| Complete 
| 104|0x0000000717c00000, 0x0000000717e00000, 0x0000000717e00000|100%| S|CS|TAMS 0x0000000717c00000| PB 0x0000000717c00000| Complete 
| 105|0x0000000717e00000, 0x0000000717e00000, 0x0000000718000000|  0%| F|  |TAMS 0x0000000717e00000| PB 0x0000000717e00000| Untracked 
| 106|0x0000000718000000, 0x0000000718000000, 0x0000000718200000|  0%| F|  |TAMS 0x0000000718000000| PB 0x0000000718000000| Untracked 
| 107|0x0000000718200000, 0x0000000718200000, 0x0000000718400000|  0%| F|  |TAMS 0x0000000718200000| PB 0x0000000718200000| Untracked 
| 108|0x0000000718400000, 0x0000000718400000, 0x0000000718600000|  0%| F|  |TAMS 0x0000000718400000| PB 0x0000000718400000| Untracked 
| 109|0x0000000718600000, 0x0000000718600000, 0x0000000718800000|  0%| F|  |TAMS 0x0000000718600000| PB 0x0000000718600000| Untracked 
| 110|0x0000000718800000, 0x0000000718800000, 0x0000000718a00000|  0%| F|  |TAMS 0x0000000718800000| PB 0x0000000718800000| Untracked 
| 111|0x0000000718a00000, 0x0000000718a00000, 0x0000000718c00000|  0%| F|  |TAMS 0x0000000718a00000| PB 0x0000000718a00000| Untracked 
| 112|0x0000000718c00000, 0x0000000718c00000, 0x0000000718e00000|  0%| F|  |TAMS 0x0000000718c00000| PB 0x0000000718c00000| Untracked 
| 113|0x0000000718e00000, 0x0000000718e00000, 0x0000000719000000|  0%| F|  |TAMS 0x0000000718e00000| PB 0x0000000718e00000| Untracked 
| 114|0x0000000719000000, 0x0000000719000000, 0x0000000719200000|  0%| F|  |TAMS 0x0000000719000000| PB 0x0000000719000000| Untracked 
| 115|0x0000000719200000, 0x0000000719200000, 0x0000000719400000|  0%| F|  |TAMS 0x0000000719200000| PB 0x0000000719200000| Untracked 
| 116|0x0000000719400000, 0x0000000719400000, 0x0000000719600000|  0%| F|  |TAMS 0x0000000719400000| PB 0x0000000719400000| Untracked 
| 117|0x0000000719600000, 0x0000000719600000, 0x0000000719800000|  0%| F|  |TAMS 0x0000000719600000| PB 0x0000000719600000| Untracked 
| 118|0x0000000719800000, 0x0000000719800000, 0x0000000719a00000|  0%| F|  |TAMS 0x0000000719800000| PB 0x0000000719800000| Untracked 
| 119|0x0000000719a00000, 0x0000000719a00000, 0x0000000719c00000|  0%| F|  |TAMS 0x0000000719a00000| PB 0x0000000719a00000| Untracked 
| 120|0x0000000719c00000, 0x0000000719c00000, 0x0000000719e00000|  0%| F|  |TAMS 0x0000000719c00000| PB 0x0000000719c00000| Untracked 
| 121|0x0000000719e00000, 0x0000000719e00000, 0x000000071a000000|  0%| F|  |TAMS 0x0000000719e00000| PB 0x0000000719e00000| Untracked 
| 122|0x000000071a000000, 0x000000071a1c2db0, 0x000000071a200000| 88%| E|  |TAMS 0x000000071a000000| PB 0x000000071a000000| Complete 

Card table byte_map: [0x00000134f46c0000,0x00000134f4e70000] _byte_map_base: 0x00000134f0e6a000

Marking Bits: (CMBitMap*) 0x00000134eb333480
 Bits: [0x00000134f4e70000, 0x00000134f8bc0000)

Polling page: 0x00000134ea9d0000

Metaspace:

Usage:
  Non-class:     12.83 MB used.
      Class:      1.79 MB used.
       Both:     14.62 MB used.

Virtual space:
  Non-class space:       64.00 MB reserved,      12.94 MB ( 20%) committed,  1 nodes.
      Class space:        1.00 GB reserved,       1.94 MB ( <1%) committed,  1 nodes.
             Both:        1.06 GB reserved,      14.88 MB (  1%) committed. 

Chunk freelists:
   Non-Class:  2.86 MB
       Class:  13.98 MB
        Both:  16.84 MB

MaxMetaspaceSize: unlimited
CompressedClassSpaceSize: 1.00 GB
Initial GC threshold: 21.00 MB
Current GC threshold: 21.00 MB
CDS: on
 - commit_granule_bytes: 65536.
 - commit_granule_words: 8192.
 - virtual_space_node_default_size: 8388608.
 - enlarge_chunks_in_place: 1.
 - use_allocation_guard: 0.


Internal statistics:

num_allocs_failed_limit: 0.
num_arena_births: 298.
num_arena_deaths: 0.
num_vsnodes_births: 2.
num_vsnodes_deaths: 0.
num_space_committed: 238.
num_space_uncommitted: 0.
num_chunks_returned_to_freelist: 0.
num_chunks_taken_from_freelist: 828.
num_chunk_merges: 0.
num_chunk_splits: 538.
num_chunks_enlarged: 357.
num_inconsistent_stats: 0.

CodeHeap 'non-profiled nmethods': size=120000Kb used=780Kb max_used=780Kb free=119219Kb
 bounds [0x0000013487ad0000, 0x0000013487d40000, 0x000001348f000000]
CodeHeap 'profiled nmethods': size=120000Kb used=3714Kb max_used=3714Kb free=116286Kb
 bounds [0x0000013480000000, 0x00000134803b0000, 0x0000013487530000]
CodeHeap 'non-nmethods': size=5760Kb used=1419Kb max_used=1435Kb free=4340Kb
 bounds [0x0000013487530000, 0x00000134877a0000, 0x0000013487ad0000]
 total_blobs=2516 nmethods=2008 adapters=412
 compilation: enabled
              stopped_count=0, restarted_count=0
 full_count=0

Compilation events (20 events):
Event: 2.256 Thread 0x00000134fb8517b0 1997       3       java.util.concurrent.locks.ReentrantLock$Sync::isHeldExclusively (16 bytes)
Event: 2.256 Thread 0x00000134fb8517b0 nmethod 1997 0x0000013480399390 code [0x0000013480399540, 0x00000134803996d8]
Event: 2.256 Thread 0x00000134fb8517b0 1998   !   3       java.lang.ref.ReferenceQueue::enqueue (32 bytes)
Event: 2.257 Thread 0x00000134fb8517b0 nmethod 1998 0x0000013480399790 code [0x00000134803999e0, 0x000001348039a340]
Event: 2.257 Thread 0x00000134fb8517b0 2000       3       java.util.concurrent.locks.AbstractQueuedSynchronizer$ConditionObject::signalAll (34 bytes)
Event: 2.257 Thread 0x00000134fb8517b0 nmethod 2000 0x000001348039a690 code [0x000001348039a860, 0x000001348039abb8]
Event: 2.259 Thread 0x00000134fb8517b0 2003       3       java.lang.invoke.MethodHandles$Lookup::getDirectMethodCommon (300 bytes)
Event: 2.261 Thread 0x00000134fb8517b0 nmethod 2003 0x000001348039ad10 code [0x000001348039b080, 0x000001348039c1b8]
Event: 2.261 Thread 0x00000134fb8517b0 2004       3       java.lang.invoke.MethodHandles$Lookup::checkMethod (87 bytes)
Event: 2.262 Thread 0x00000134fb8517b0 nmethod 2004 0x000001348039c790 code [0x000001348039c9a0, 0x000001348039cff8]
Event: 2.262 Thread 0x00000134fb8517b0 2005       3       java.lang.invoke.MethodHandles$Lookup::maybeBindCaller (72 bytes)
Event: 2.263 Thread 0x00000134fb8517b0 nmethod 2005 0x000001348039d210 code [0x000001348039d440, 0x000001348039dbc0]
Event: 2.263 Thread 0x00000134fb8517b0 2006       3       java.lang.invoke.Invokers$Holder::invokeExact_MT (32 bytes)
Event: 2.263 Thread 0x00000134fb8517b0 nmethod 2006 0x000001348039de90 code [0x000001348039e0a0, 0x000001348039e9a8]
Event: 2.263 Thread 0x00000134fb8517b0 2008       3       ch.qos.logback.classic.Logger::getChildByName (68 bytes)
Event: 2.264 Thread 0x00000134fb8517b0 nmethod 2008 0x000001348039ec10 code [0x000001348039ee20, 0x000001348039f3c8]
Event: 2.264 Thread 0x00000134fb8517b0 2007       3       java.lang.invoke.LambdaMetafactory::metafactory (71 bytes)
Event: 2.265 Thread 0x00000134fb8517b0 nmethod 2007 0x000001348039f590 code [0x000001348039f820, 0x00000134803a0318]
Event: 2.268 Thread 0x00000134fb8406b0 2009   !   4       java.util.WeakHashMap::expungeStaleEntries (139 bytes)
Event: 2.269 Thread 0x00000134fb8406b0 nmethod 2009 0x0000013487b93010 code [0x0000013487b931a0, 0x0000013487b932a0]

GC Heap History (4 events):
Event: 1.239 GC heap before
{Heap before GC invocations=0 (full 0):
 garbage-first heap   total 251904K, used 22528K [0x000000070ac00000, 0x0000000800000000)
  region size 2048K, 11 young (22528K), 0 survivors (0K)
 Metaspace       used 6411K, committed 6592K, reserved 1114112K
  class space    used 732K, committed 832K, reserved 1048576K
}
Event: 1.247 GC heap after
{Heap after GC invocations=1 (full 0):
 garbage-first heap   total 251904K, used 4380K [0x000000070ac00000, 0x0000000800000000)
  region size 2048K, 2 young (4096K), 2 survivors (4096K)
 Metaspace       used 6411K, committed 6592K, reserved 1114112K
  class space    used 732K, committed 832K, reserved 1048576K
}
Event: 2.243 GC heap before
{Heap before GC invocations=1 (full 0):
 garbage-first heap   total 251904K, used 37148K [0x000000070ac00000, 0x0000000800000000)
  region size 2048K, 18 young (36864K), 2 survivors (4096K)
 Metaspace       used 14731K, committed 15040K, reserved 1114112K
  class space    used 1798K, committed 1920K, reserved 1048576K
}
Event: 2.254 GC heap after
{Heap after GC invocations=2 (full 0):
 garbage-first heap   total 251904K, used 7288K [0x000000070ac00000, 0x0000000800000000)
  region size 2048K, 2 young (4096K), 2 survivors (4096K)
 Metaspace       used 14731K, committed 15040K, reserved 1114112K
  class space    used 1798K, committed 1920K, reserved 1048576K
}

Dll operation events (11 events):
Event: 0.018 Loaded shared library C:\Users\HP\.jdks\corretto-21.0.6\bin\java.dll
Event: 0.076 Loaded shared library C:\Users\HP\.jdks\corretto-21.0.6\bin\jsvml.dll
Event: 0.196 Loaded shared library C:\Users\HP\.jdks\corretto-21.0.6\bin\zip.dll
Event: 0.201 Loaded shared library C:\Users\HP\.jdks\corretto-21.0.6\bin\instrument.dll
Event: 0.210 Loaded shared library C:\Users\HP\.jdks\corretto-21.0.6\bin\net.dll
Event: 0.214 Loaded shared library C:\Users\HP\.jdks\corretto-21.0.6\bin\nio.dll
Event: 0.219 Loaded shared library C:\Users\HP\.jdks\corretto-21.0.6\bin\zip.dll
Event: 0.339 Loaded shared library C:\Users\HP\.jdks\corretto-21.0.6\bin\extnet.dll
Event: 0.415 Loaded shared library C:\Users\HP\.jdks\corretto-21.0.6\bin\jimage.dll
Event: 0.866 Loaded shared library C:\Users\HP\.jdks\corretto-21.0.6\bin\management.dll
Event: 0.875 Loaded shared library C:\Users\HP\.jdks\corretto-21.0.6\bin\management_ext.dll

Deoptimization events (20 events):
Event: 1.988 Thread 0x00000134d40eea70 Uncommon trap: trap_request=0xffffff45 fr.pc=0x0000013487b43974 relative=0x0000000000000054
Event: 1.988 Thread 0x00000134d40eea70 Uncommon trap: reason=unstable_if action=reinterpret pc=0x0000013487b43974 method=java.lang.CharacterData.of(I)Ljava/lang/CharacterData; @ 4 c2
Event: 1.988 Thread 0x00000134d40eea70 DEOPT PACKING pc=0x0000013487b43974 sp=0x0000002edc4fd7b0
Event: 1.988 Thread 0x00000134d40eea70 DEOPT UNPACKING pc=0x00000134875846a2 sp=0x0000002edc4fd748 mode 2
Event: 1.999 Thread 0x00000134d40ef790 Uncommon trap: trap_request=0xffffffd6 fr.pc=0x0000013487b737ac relative=0x0000000000000cec
Event: 1.999 Thread 0x00000134d40ef790 Uncommon trap: reason=array_check action=maybe_recompile pc=0x0000013487b737ac method=org.springframework.boot.context.properties.source.ConfigurationPropertyName.getElement(ILorg/springframework/boot/context/properties/source/ConfigurationPropertyName$Fo
Event: 1.999 Thread 0x00000134d40ef790 DEOPT PACKING pc=0x0000013487b737ac sp=0x0000002edbefe640
Event: 1.999 Thread 0x00000134d40ef790 DEOPT UNPACKING pc=0x00000134875846a2 sp=0x0000002edbefe608 mode 2
Event: 2.048 Thread 0x00000134d40ef790 Uncommon trap: trap_request=0xffffff45 fr.pc=0x0000013487b6f64c relative=0x00000000000000ac
Event: 2.048 Thread 0x00000134d40ef790 Uncommon trap: reason=unstable_if action=reinterpret pc=0x0000013487b6f64c method=org.springframework.util.ConcurrentReferenceHashMap$Segment.restructureIfNecessary(Z)V @ 21 c2
Event: 2.048 Thread 0x00000134d40ef790 DEOPT PACKING pc=0x0000013487b6f64c sp=0x0000002edbefe6b0
Event: 2.048 Thread 0x00000134d40ef790 DEOPT UNPACKING pc=0x00000134875846a2 sp=0x0000002edbefe630 mode 2
Event: 2.073 Thread 0x00000134d40ef790 Uncommon trap: trap_request=0xffffff45 fr.pc=0x0000013487b3a364 relative=0x0000000000000324
Event: 2.073 Thread 0x00000134d40ef790 Uncommon trap: reason=unstable_if action=reinterpret pc=0x0000013487b3a364 method=jdk.internal.org.objectweb.asm.SymbolTable.put(Ljdk/internal/org/objectweb/asm/SymbolTable$Entry;)Ljdk/internal/org/objectweb/asm/SymbolTable$Entry; @ 13 c2
Event: 2.073 Thread 0x00000134d40ef790 DEOPT PACKING pc=0x0000013487b3a364 sp=0x0000002edbefd490
Event: 2.073 Thread 0x00000134d40ef790 DEOPT UNPACKING pc=0x00000134875846a2 sp=0x0000002edbefd410 mode 2
Event: 2.154 Thread 0x00000134d40ef790 Uncommon trap: trap_request=0xffffff45 fr.pc=0x0000013487b46994 relative=0x0000000000000c94
Event: 2.154 Thread 0x00000134d40ef790 Uncommon trap: reason=unstable_if action=reinterpret pc=0x0000013487b46994 method=java.util.concurrent.ConcurrentHashMap.putVal(Ljava/lang/Object;Ljava/lang/Object;Z)Ljava/lang/Object; @ 112 c2
Event: 2.154 Thread 0x00000134d40ef790 DEOPT PACKING pc=0x0000013487b46994 sp=0x0000002edbef9100
Event: 2.154 Thread 0x00000134d40ef790 DEOPT UNPACKING pc=0x00000134875846a2 sp=0x0000002edbef9080 mode 2

Classes loaded (20 events):
Event: 2.023 Loading class org/xml/sax/SAXParseException
Event: 2.023 Loading class org/xml/sax/SAXException
Event: 2.023 Loading class org/xml/sax/SAXException done
Event: 2.023 Loading class org/xml/sax/SAXParseException done
Event: 2.023 Loading class javax/xml/parsers/ParserConfigurationException
Event: 2.023 Loading class javax/xml/parsers/ParserConfigurationException done
Event: 2.030 Loading class java/io/CharConversionException
Event: 2.031 Loading class java/io/CharConversionException done
Event: 2.066 Loading class java/lang/annotation/Repeatable
Event: 2.066 Loading class java/lang/annotation/Repeatable done
Event: 2.207 Loading class java/lang/Byte$ByteCache
Event: 2.207 Loading class java/lang/Byte$ByteCache done
Event: 2.207 Loading class java/lang/Short$ShortCache
Event: 2.207 Loading class java/lang/Short$ShortCache done
Event: 2.262 Loading class java/util/concurrent/ExecutionException
Event: 2.262 Loading class java/util/concurrent/ExecutionException done
Event: 2.267 Loading class java/beans/IntrospectionException
Event: 2.267 Loading class java/beans/IntrospectionException done
Event: 2.267 Loading class java/beans/PropertyDescriptor
Event: 2.267 Loading class java/beans/PropertyDescriptor done

Classes unloaded (0 events):
No events

Classes redefined (0 events):
No events

Internal exceptions (20 events):
Event: 1.381 Thread 0x00000134d40ef790 Exception <a 'java/lang/NoSuchMethodError'{0x0000000719f80b18}: 'java.lang.Object java.lang.invoke.DirectMethodHandle$Holder.invokeSpecial(java.lang.Object, java.lang.Object, java.lang.Object, java.lang.Object, java.lang.Object, java.lang.Object, java.lang.Object, int)'> (0x0000000719f80b18) 
thrown [s\src\hotspot\share\interpreter\linkResolver.cpp, line 773]
Event: 1.447 Thread 0x00000134d40ef790 Exception <a 'java/lang/NoSuchMethodError'{0x0000000719ca8018}: 'int java.lang.invoke.DirectMethodHandle$Holder.invokeInterface(java.lang.Object, java.lang.Object)'> (0x0000000719ca8018) 
thrown [s\src\hotspot\share\interpreter\linkResolver.cpp, line 773]
Event: 1.457 Thread 0x00000134d40ef790 Exception <a 'java/lang/NoSuchMethodError'{0x0000000719cca1e8}: 'void java.lang.invoke.DirectMethodHandle$Holder.invokeSpecial(java.lang.Object, java.lang.Object, java.lang.Object, java.lang.Object, java.lang.Object)'> (0x0000000719cca1e8) 
thrown [s\src\hotspot\share\interpreter\linkResolver.cpp, line 773]
Event: 1.508 Thread 0x00000134d40ef790 Exception <a 'java/lang/NoSuchMethodError'{0x0000000719da2b58}: 'java.lang.Object java.lang.invoke.DirectMethodHandle$Holder.invokeSpecial(java.lang.Object, java.lang.Object, java.lang.Object, int, java.lang.Object)'> (0x0000000719da2b58) 
thrown [s\src\hotspot\share\interpreter\linkResolver.cpp, line 773]
Event: 1.509 Thread 0x00000134d40ef790 Exception <a 'java/lang/NoSuchMethodError'{0x0000000719daa638}: 'java.lang.Object java.lang.invoke.DirectMethodHandle$Holder.newInvokeSpecial(java.lang.Object, java.lang.Object, java.lang.Object, int, java.lang.Object)'> (0x0000000719daa638) 
thrown [s\src\hotspot\share\interpreter\linkResolver.cpp, line 773]
Event: 1.510 Thread 0x00000134d40ef790 Exception <a 'java/lang/NoSuchMethodError'{0x0000000719db1c00}: 'java.lang.Object java.lang.invoke.Invokers$Holder.linkToTargetMethod(java.lang.Object, java.lang.Object, int, java.lang.Object, java.lang.Object)'> (0x0000000719db1c00) 
thrown [s\src\hotspot\share\interpreter\linkResolver.cpp, line 773]
Event: 1.512 Thread 0x00000134d40ef790 Exception <a 'java/lang/NoSuchMethodError'{0x0000000719dbffd8}: 'java.lang.Object java.lang.invoke.DirectMethodHandle$Holder.newInvokeSpecial(java.lang.Object, int, java.lang.Object)'> (0x0000000719dbffd8) 
thrown [s\src\hotspot\share\interpreter\linkResolver.cpp, line 773]
Event: 1.513 Thread 0x00000134d40ef790 Exception <a 'java/lang/NoSuchMethodError'{0x0000000719dc4b58}: 'int java.lang.invoke.DirectMethodHandle$Holder.invokeSpecialIFC(java.lang.Object, java.lang.Object, java.lang.Object, java.lang.Object)'> (0x0000000719dc4b58) 
thrown [s\src\hotspot\share\interpreter\linkResolver.cpp, line 773]
Event: 1.548 Thread 0x00000134d40ef790 Exception <a 'java/lang/NoSuchMethodError'{0x0000000719a9b8c0}: 'void java.lang.invoke.DirectMethodHandle$Holder.invokeInterface(java.lang.Object, java.lang.Object, java.lang.Object)'> (0x0000000719a9b8c0) 
thrown [s\src\hotspot\share\interpreter\linkResolver.cpp, line 773]
Event: 1.592 Thread 0x00000134d40ef790 Exception <a 'java/lang/NoSuchMethodError'{0x0000000719b36448}: 'void java.lang.invoke.DirectMethodHandle$Holder.invokeStaticInit(java.lang.Object, java.lang.Object, java.lang.Object)'> (0x0000000719b36448) 
thrown [s\src\hotspot\share\interpreter\linkResolver.cpp, line 773]
Event: 1.600 Thread 0x00000134d40ef790 Exception <a 'java/lang/NoSuchMethodError'{0x0000000719b52868}: 'java.lang.Object java.lang.invoke.DirectMethodHandle$Holder.invokeVirtual(java.lang.Object, java.lang.Object, java.lang.Object)'> (0x0000000719b52868) 
thrown [s\src\hotspot\share\interpreter\linkResolver.cpp, line 773]
Event: 1.642 Thread 0x00000134d40ef790 Exception <a 'java/lang/NoSuchMethodError'{0x0000000719bd99f8}: 'void java.lang.invoke.DirectMethodHandle$Holder.invokeVirtual(java.lang.Object, java.lang.Object, java.lang.Object, java.lang.Object)'> (0x0000000719bd99f8) 
thrown [s\src\hotspot\share\interpreter\linkResolver.cpp, line 773]
Event: 1.771 Thread 0x00000134d40eea70 Exception <a 'java/lang/NoClassDefFoundError'{0x000000071964f3e8}: jakarta/validation/Validation> (0x000000071964f3e8) 
thrown [s\src\hotspot\share\classfile\systemDictionary.cpp, line 301]
Event: 1.774 Thread 0x00000134d40ef790 Exception <a 'java/lang/NoSuchMethodError'{0x0000000719628d30}: 'java.lang.reflect.Field[] java.lang.Class.getDeclaredFields(java.lang.Class)'> (0x0000000719628d30) 
thrown [s\src\hotspot\share\interpreter\linkResolver.cpp, line 773]
Event: 1.776 Thread 0x00000134d40ef790 Exception <a 'java/lang/NoSuchMethodError'{0x000000071962d740}: 'java.lang.Object java.lang.invoke.DirectMethodHandle$Holder.invokeStatic(java.lang.Object, java.lang.Object, int)'> (0x000000071962d740) 
thrown [s\src\hotspot\share\interpreter\linkResolver.cpp, line 773]
Event: 1.777 Thread 0x00000134d40ef790 Exception <a 'java/lang/NoSuchMethodError'{0x00000007196836b8}: 'void java.lang.invoke.DelegatingMethodHandle$Holder.delegate(java.lang.Object, java.lang.Object, int, java.lang.Object)'> (0x00000007196836b8) 
thrown [s\src\hotspot\share\interpreter\linkResolver.cpp, line 773]
Event: 1.799 Thread 0x00000134d40ef790 Exception <a 'java/lang/IncompatibleClassChangeError'{0x00000007197b80d8}: Found class java.lang.Object, but interface was expected> (0x00000007197b80d8) 
thrown [s\src\hotspot\share\interpreter\linkResolver.cpp, line 840]
Event: 1.809 Thread 0x00000134d40ef790 Exception <a 'java/lang/NoSuchMethodError'{0x00000007197ceaf8}: 'java.lang.Object java.lang.invoke.DirectMethodHandle$Holder.invokeStaticInit(java.lang.Object, int)'> (0x00000007197ceaf8) 
thrown [s\src\hotspot\share\interpreter\linkResolver.cpp, line 773]
Event: 1.813 Thread 0x00000134d40ef790 Exception <a 'java/lang/NoSuchMethodError'{0x00000007197fc228}: 'java.lang.Object java.lang.invoke.DirectMethodHandle$Holder.invokeStatic(java.lang.Object, int, java.lang.Object)'> (0x00000007197fc228) 
thrown [s\src\hotspot\share\interpreter\linkResolver.cpp, line 773]
Event: 1.814 Thread 0x00000134d40ef790 Exception <a 'java/lang/NoSuchMethodError'{0x00000007197ff8b8}: 'java.lang.Object java.lang.invoke.DirectMethodHandle$Holder.invokeStaticInit(java.lang.Object, int, java.lang.Object)'> (0x00000007197ff8b8) 
thrown [s\src\hotspot\share\interpreter\linkResolver.cpp, line 773]

ZGC Phase Switch (0 events):
No events

VM Operations (20 events):
Event: 1.079 Executing VM operation: HandshakeAllThreads (Deoptimize)
Event: 1.079 Executing VM operation: HandshakeAllThreads (Deoptimize) done
Event: 1.079 Executing VM operation: Cleanup
Event: 1.079 Executing VM operation: Cleanup done
Event: 1.239 Executing VM operation: G1CollectForAllocation (G1 Evacuation Pause)
Event: 1.247 Executing VM operation: G1CollectForAllocation (G1 Evacuation Pause) done
Event: 1.750 Executing VM operation: HandshakeAllThreads (Deoptimize)
Event: 1.750 Executing VM operation: HandshakeAllThreads (Deoptimize) done
Event: 1.755 Executing VM operation: HandshakeAllThreads (Deoptimize)
Event: 1.755 Executing VM operation: HandshakeAllThreads (Deoptimize) done
Event: 1.756 Executing VM operation: HandshakeAllThreads (Deoptimize)
Event: 1.756 Executing VM operation: HandshakeAllThreads (Deoptimize) done
Event: 1.756 Executing VM operation: ICBufferFull
Event: 1.756 Executing VM operation: ICBufferFull done
Event: 1.775 Executing VM operation: HandshakeAllThreads (Deoptimize)
Event: 1.775 Executing VM operation: HandshakeAllThreads (Deoptimize) done
Event: 1.989 Executing VM operation: HandshakeAllThreads (Deoptimize)
Event: 1.989 Executing VM operation: HandshakeAllThreads (Deoptimize) done
Event: 2.243 Executing VM operation: G1CollectForAllocation (G1 Evacuation Pause)
Event: 2.254 Executing VM operation: G1CollectForAllocation (G1 Evacuation Pause) done

Memory protections (0 events):
No events

Nmethod flushes (0 events):
No events

Events (16 events):
Event: 0.040 Thread 0x00000134eb2ce290 Thread added: 0x00000134eb2ce290
Event: 0.071 Thread 0x00000134eb2ce290 Thread added: 0x00000134fb821b20
Event: 0.071 Thread 0x00000134eb2ce290 Thread added: 0x00000134fb824580
Event: 0.072 Thread 0x00000134eb2ce290 Thread added: 0x00000134fb82b5e0
Event: 0.072 Thread 0x00000134eb2ce290 Thread added: 0x00000134fb82c4c0
Event: 0.072 Thread 0x00000134eb2ce290 Thread added: 0x00000134fb82cf10
Event: 0.072 Thread 0x00000134eb2ce290 Thread added: 0x00000134fb835aa0
Event: 0.072 Thread 0x00000134eb2ce290 Thread added: 0x00000134fb8406b0
Event: 0.073 Thread 0x00000134eb2ce290 Thread added: 0x00000134fb8517b0
Event: 0.163 Thread 0x00000134eb2ce290 Thread added: 0x00000134d40f04b0
Event: 0.275 Thread 0x00000134fb8517b0 Thread added: 0x00000134d4386640
Event: 0.319 Thread 0x00000134eb2ce290 Thread added: 0x00000134d40edd50
Event: 0.319 Thread 0x00000134eb2ce290 Thread added: 0x00000134d40f0b40
Event: 0.934 Thread 0x00000134eb2ce290 Thread added: 0x00000134d40ef100
Event: 0.948 Thread 0x00000134d40ef100 Thread added: 0x00000134d40ef790
Event: 1.766 Thread 0x00000134d40ef790 Thread added: 0x00000134d40eea70


Dynamic libraries:
0x00007ff742990000 - 0x00007ff74299e000 	C:\Users\HP\.jdks\corretto-21.0.6\bin\java.exe
0x00007ffb59a20000 - 0x00007ffb59c80000 	C:\WINDOWS\SYSTEM32\ntdll.dll
0x00007ffb57960000 - 0x00007ffb57a27000 	C:\WINDOWS\System32\KERNEL32.DLL
0x00007ffb572d0000 - 0x00007ffb5769a000 	C:\WINDOWS\System32\KERNELBASE.dll
0x00007ffb56cb0000 - 0x00007ffb56dfb000 	C:\WINDOWS\System32\ucrtbase.dll
0x00007ffb4b4d0000 - 0x00007ffb4b4e8000 	C:\Users\HP\.jdks\corretto-21.0.6\bin\jli.dll
0x00007ffb4f730000 - 0x00007ffb4f74b000 	C:\Users\HP\.jdks\corretto-21.0.6\bin\VCRUNTIME140.dll
0x00007ffb58090000 - 0x00007ffb5825c000 	C:\WINDOWS\System32\USER32.dll
0x00007ffb57160000 - 0x00007ffb57187000 	C:\WINDOWS\System32\win32u.dll
0x00007ffb3f000000 - 0x00007ffb3f297000 	C:\WINDOWS\WinSxS\amd64_microsoft.windows.common-controls_6595b64144ccf1df_6.0.26100.3624_none_3e086962e3345f24\COMCTL32.dll
0x00007ffb58560000 - 0x00007ffb5858a000 	C:\WINDOWS\System32\GDI32.dll
0x00007ffb59900000 - 0x00007ffb599a9000 	C:\WINDOWS\System32\msvcrt.dll
0x00007ffb57190000 - 0x00007ffb572c1000 	C:\WINDOWS\System32\gdi32full.dll
0x00007ffb56c00000 - 0x00007ffb56ca3000 	C:\WINDOWS\System32\msvcp_win.dll
0x00007ffb57820000 - 0x00007ffb5784f000 	C:\WINDOWS\System32\IMM32.DLL
0x00007ffb519a0000 - 0x00007ffb519ac000 	C:\Users\HP\.jdks\corretto-21.0.6\bin\vcruntime140_1.dll
0x00007ffb238a0000 - 0x00007ffb2392d000 	C:\Users\HP\.jdks\corretto-21.0.6\bin\msvcp140.dll
0x00007ffafed00000 - 0x00007ffaffa9f000 	C:\Users\HP\.jdks\corretto-21.0.6\bin\server\jvm.dll
0x00007ffb584a0000 - 0x00007ffb58552000 	C:\WINDOWS\System32\ADVAPI32.dll
0x00007ffb595a0000 - 0x00007ffb59646000 	C:\WINDOWS\System32\sechost.dll
0x00007ffb58260000 - 0x00007ffb58376000 	C:\WINDOWS\System32\RPCRT4.dll
0x00007ffb58010000 - 0x00007ffb58084000 	C:\WINDOWS\System32\WS2_32.dll
0x00007ffb567c0000 - 0x00007ffb5681e000 	C:\WINDOWS\SYSTEM32\POWRPROF.dll
0x00007ffb4e600000 - 0x00007ffb4e60b000 	C:\WINDOWS\SYSTEM32\VERSION.dll
0x00007ffb4e5c0000 - 0x00007ffb4e5f6000 	C:\WINDOWS\SYSTEM32\WINMM.dll
0x00007ffb567a0000 - 0x00007ffb567b4000 	C:\WINDOWS\SYSTEM32\UMPDC.dll
0x00007ffb55a10000 - 0x00007ffb55a2a000 	C:\WINDOWS\SYSTEM32\kernel.appcore.dll
0x00007ffb4f780000 - 0x00007ffb4f78a000 	C:\Users\HP\.jdks\corretto-21.0.6\bin\jimage.dll
0x00007ffb54470000 - 0x00007ffb546b1000 	C:\WINDOWS\SYSTEM32\DBGHELP.DLL
0x00007ffb57b80000 - 0x00007ffb57f02000 	C:\WINDOWS\System32\combase.dll
0x00007ffb57880000 - 0x00007ffb57956000 	C:\WINDOWS\System32\OLEAUT32.dll
0x00007ffb3aa80000 - 0x00007ffb3aab9000 	C:\WINDOWS\SYSTEM32\dbgcore.DLL
0x00007ffb56e90000 - 0x00007ffb56f29000 	C:\WINDOWS\System32\bcryptPrimitives.dll
0x00007ffb4a040000 - 0x00007ffb4a04e000 	C:\Users\HP\.jdks\corretto-21.0.6\bin\instrument.dll
0x00007ffb44bd0000 - 0x00007ffb44bef000 	C:\Users\HP\.jdks\corretto-21.0.6\bin\java.dll
0x00007ffb58e00000 - 0x00007ffb59529000 	C:\WINDOWS\System32\SHELL32.dll
0x00007ffb56f30000 - 0x00007ffb57098000 	C:\WINDOWS\System32\wintypes.dll
0x00007ffb548a0000 - 0x00007ffb550f2000 	C:\WINDOWS\SYSTEM32\windows.storage.dll
0x00007ffb57a90000 - 0x00007ffb57b7d000 	C:\WINDOWS\System32\SHCORE.dll
0x00007ffb59530000 - 0x00007ffb59594000 	C:\WINDOWS\System32\shlwapi.dll
0x00007ffb56b10000 - 0x00007ffb56b3f000 	C:\WINDOWS\SYSTEM32\profapi.dll
0x00007ffb164f0000 - 0x00007ffb165c7000 	C:\Users\HP\.jdks\corretto-21.0.6\bin\jsvml.dll
0x00007ffb3b450000 - 0x00007ffb3b468000 	C:\Users\HP\.jdks\corretto-21.0.6\bin\zip.dll
0x00007ffb4a030000 - 0x00007ffb4a040000 	C:\Users\HP\.jdks\corretto-21.0.6\bin\net.dll
0x00007ffb4c1b0000 - 0x00007ffb4c2cd000 	C:\WINDOWS\SYSTEM32\WINHTTP.dll
0x00007ffb55f30000 - 0x00007ffb55f9a000 	C:\WINDOWS\system32\mswsock.dll
0x00007ffb3bee0000 - 0x00007ffb3bef6000 	C:\Users\HP\.jdks\corretto-21.0.6\bin\nio.dll
0x00007ffb40d40000 - 0x00007ffb40d49000 	C:\Users\HP\.jdks\corretto-21.0.6\bin\extnet.dll
0x00007ffb3c4a0000 - 0x00007ffb3c4a9000 	C:\Users\HP\.jdks\corretto-21.0.6\bin\management.dll
0x00007ffb3b0a0000 - 0x00007ffb3b0ab000 	C:\Users\HP\.jdks\corretto-21.0.6\bin\management_ext.dll
0x00007ffb59700000 - 0x00007ffb59708000 	C:\WINDOWS\System32\PSAPI.DLL

dbghelp: loaded successfully - version: 4.0.5 - missing functions: none
symbol engine: initialized successfully - sym options: 0x614 - pdb path: .;C:\Users\HP\.jdks\corretto-21.0.6\bin;C:\WINDOWS\SYSTEM32;C:\WINDOWS\WinSxS\amd64_microsoft.windows.common-controls_6595b64144ccf1df_6.0.26100.3624_none_3e086962e3345f24;C:\Users\HP\.jdks\corretto-21.0.6\bin\server

VM Arguments:
jvm_args: -javaagent:C:\Program Files\JetBrains\IntelliJ IDEA Community Edition 2024.3.1.1\lib\idea_rt.jar=53558 -Dfile.encoding=UTF-8 -Dsun.stdout.encoding=UTF-8 -Dsun.stderr.encoding=UTF-8 
java_command: com.example.ClickhouseIngestionTool.ClickhouseIngestionToolApplication
java_class_path (initial): C:\Users\HP\OneDrive\Desktop\ClickhouseIngestionTool\target\classes;C:\Users\HP\.m2\repository\org\springframework\boot\spring-boot-starter-web\3.4.4\spring-boot-starter-web-3.4.4.jar;C:\Users\HP\.m2\repository\org\springframework\boot\spring-boot-starter\3.4.4\spring-boot-starter-3.4.4.jar;C:\Users\HP\.m2\repository\org\springframework\boot\spring-boot-starter-logging\3.4.4\spring-boot-starter-logging-3.4.4.jar;C:\Users\HP\.m2\repository\ch\qos\logback\logback-classic\1.5.18\logback-classic-1.5.18.jar;C:\Users\HP\.m2\repository\ch\qos\logback\logback-core\1.5.18\logback-core-1.5.18.jar;C:\Users\HP\.m2\repository\org\apache\logging\log4j\log4j-to-slf4j\2.24.3\log4j-to-slf4j-2.24.3.jar;C:\Users\HP\.m2\repository\org\apache\logging\log4j\log4j-api\2.24.3\log4j-api-2.24.3.jar;C:\Users\HP\.m2\repository\org\slf4j\jul-to-slf4j\2.0.17\jul-to-slf4j-2.0.17.jar;C:\Users\HP\.m2\repository\jakarta\annotation\jakarta.annotation-api\2.1.1\jakarta.annotation-api-2.1.1.jar;C:\Users\HP\.m2\repository\org\yaml\snakeyaml\2.3\snakeyaml-2.3.jar;C:\Users\HP\.m2\repository\org\springframework\boot\spring-boot-starter-json\3.4.4\spring-boot-starter-json-3.4.4.jar;C:\Users\HP\.m2\repository\com\fasterxml\jackson\core\jackson-databind\2.18.3\jackson-databind-2.18.3.jar;C:\Users\HP\.m2\repository\com\fasterxml\jackson\core\jackson-annotations\2.18.3\jackson-annotations-2.18.3.jar;C:\Users\HP\.m2\repository\com\fasterxml\jackson\core\jackson-core\2.18.3\jackson-core-2.18.3.jar;C:\Users\HP\.m2\repository\com\fasterxml\jackson\datatype\jackson-datatype-jdk8\2.18.3\jackson-datatype-jdk8-2.18.3.jar;C:\Users\HP\.m2\repository\com\fasterxml\jackson\datatype\jackson-datatype-jsr310\2.18.3\jackson-datatype-jsr310-2.18.3.jar;C:\Users\HP\.m2\repository\com\fasterxml\jackson\module\jackson-module-parameter-names\2.18.3\jackson-module-parameter-names-2.18.3.jar;C:\Users\HP\.m2\repository\org\springframework\boot\spring-boot-starter-tomcat\3.4.4\spring-boot-starter-tomcat-3.4.4.jar;C:\Users\HP\.m2\repository\org\apache\tomcat\embed\tomcat-embed-core\10.1.39\tomcat-embed-core-10.1.39.jar;C:\Users\HP\.m2\repository\org\apache\tomcat\embed\tomcat-embed-el\10.1.39\tomcat-embed-el-10.1.39.jar;C:\Users\HP\.m2\repository\org\apache\tomcat\embed\tomcat-embed-websocket\10.1.39\tomcat-embed-websocket-10.1.39.jar;C:\Users\HP\.m2\repository\org\springframework\spring-web\6.2.5\spring-web-6.2.5.jar;C:\Users\HP\.m2\repository\org\springframework\spring-beans\6.2.5\spring-beans-6.2.5.jar;C:\Users\HP\.m2\repository\io\micrometer\micrometer-observation\1.14.5\micrometer-observation-1.14.5.jar;C:\Users\HP\.m2\repository\io\micrometer\micrometer-commons\1.14.5\micrometer-commons-1.14.5.jar;C:\Users\HP\.m2\repository\org\springframework\spring-webmvc\6.2.5\spring-webmvc-6.2.5.jar;C:\Users\HP\.m2\repository\org\springframework\spring-aop\6.2.5\spring-aop-6.2.5.jar;C:\Users\HP\.m2\repository\org\springframework\spring-context\6.2.5\spring-context-6.2.5.jar;C:\Users\HP\.m2\repository\org\springframework\spring-expression\6.2.5\spring-expression-6.2.5.jar;C:\Users\HP\.m2\repository\com\clickhouse\clickhouse-jdbc\0.4.6\clickhouse-jdbc-0.4.6.jar;C:\Users\HP\.m2\repository\org\apache\commons\commons-csv\1.10.0\commons-csv-1.10.0.jar;C:\Users\HP\.m2\repository\org\springframework\boot\spring-boot-devtools\3.4.4\spring-boot-devtools-3.4.4.jar;C:\Users\HP\.m2\repository\org\springframework\boot\spring-boot\3.4.4\spring-boot-3.4.4.jar;C:\Users\HP\.m2\repository\org\springframework\boot\spring-boot-autoconfigure\3.4.4\spring-boot-autoconfigure-3.4.4.jar;C:\Users\HP\.m2\repository\org\springframework\boot\spring-boot-configuration-processor\3.4.4\spring-boot-configuration-processor-3.4.4.jar;C:\Users\HP\.m2\repository\org\projectlombok\lombok\1.18.36\lombok-1.18.36.jar;C:\Users\HP\.m2\repository\org\slf4j\slf4j-api\2.0.17\slf4j-api-2.0.17.jar;C:\Users\HP\.m2\repository\org\springframework\spring-core\6.2.5\spring-core-6.2.5.jar;C:\Users\HP\.m2\repository\org\springframework\spring-jcl\6.2.5\spring-jcl-6.2.5.jar
Launcher Type: SUN_STANDARD

[Global flags]
     intx CICompilerCount                          = 4                                         {product} {ergonomic}
     uint ConcGCThreads                            = 3                                         {product} {ergonomic}
     uint G1ConcRefinementThreads                  = 10                                        {product} {ergonomic}
   size_t G1HeapRegionSize                         = 2097152                                   {product} {ergonomic}
    uintx GCDrainStackTargetSize                   = 64                                        {product} {ergonomic}
   size_t InitialHeapSize                          = 257949696                                 {product} {ergonomic}
   size_t MarkStackSize                            = 4194304                                   {product} {ergonomic}
   size_t MaxHeapSize                              = 4114612224                                {product} {ergonomic}
   size_t MaxNewSize                               = 2468347904                                {product} {ergonomic}
   size_t MinHeapDeltaBytes                        = 2097152                                   {product} {ergonomic}
   size_t MinHeapSize                              = 8388608                                   {product} {ergonomic}
    uintx NonNMethodCodeHeapSize                   = 5839372                                {pd product} {ergonomic}
    uintx NonProfiledCodeHeapSize                  = 122909434                              {pd product} {ergonomic}
    uintx ProfiledCodeHeapSize                     = 122909434                              {pd product} {ergonomic}
    uintx ReservedCodeCacheSize                    = 251658240                              {pd product} {ergonomic}
     bool SegmentedCodeCache                       = true                                      {product} {ergonomic}
   size_t SoftMaxHeapSize                          = 4114612224                             {manageable} {ergonomic}
     bool UseCompressedOops                        = true                           {product lp64_product} {ergonomic}
     bool UseG1GC                                  = true                                      {product} {ergonomic}
     bool UseLargePagesIndividualAllocation        = false                                  {pd product} {ergonomic}

Logging:
Log output configuration:
 #0: stdout all=warning uptime,level,tags foldmultilines=false
 #1: stderr all=off uptime,level,tags foldmultilines=false

Environment Variables:
JAVA_HOME=C:\Program Files\Java\jdk-21
PATH=C:\Program Files\Common Files\Oracle\Java\javapath;C:\WINDOWS\system32;C:\WINDOWS;C:\WINDOWS\System32\Wbem;C:\WINDOWS\System32\WindowsPowerShell\v1.0\;C:\WINDOWS\System32\OpenSSH\;C:\MinGW\bin;C:\Program Files\Git\cmd;C:\Program Files\MySQL\MySQL Server 5.7\bin;C:\Program Files\MongoDB\mongosh-2.3.7-win32-x64\bin;C:\Program Files\Docker\Docker\resources\bin;D:\Maven_Download\apache-maven-3.9.9\bin;C:\Program Files\Java\jdk-21\bin;C:\Users\HP\AppData\Local\Microsoft\WindowsApps;C:\Users\HP\AppData\Local\Programs\Microsoft VS Code\bin;C:\src\flutter\bin;C:\Program Files\JetBrains\IntelliJ IDEA Community Edition 2024.3.1.1\bin;;C:\Users\HP\AppData\Local\GitHubDesktop\bin;;C:\Program Files\Java\jdk-21\bin
USERNAME=HP
OS=Windows_NT
PROCESSOR_IDENTIFIER=AMD64 Family 23 Model 104 Stepping 1, AuthenticAMD
TMP=C:\Users\HP\AppData\Local\Temp
TEMP=C:\Users\HP\AppData\Local\Temp




Periodic native trim disabled

---------------  S Y S T E M  ---------------

OS:
 Windows 11 , 64 bit Build 26100 (10.0.26100.3775)
OS uptime: 0 days 13:41 hours
Hyper-V role detected

CPU: total 12 (initial active 12) (12 cores per cpu, 2 threads per core) family 23 model 104 stepping 1 microcode 0x8608104, cx8, cmov, fxsr, ht, mmx, 3dnowpref, sse, sse2, sse3, ssse3, sse4a, sse4.1, sse4.2, popcnt, lzcnt, tsc, tscinvbit, avx, avx2, aes, clmul, bmi1, bmi2, adx, sha, fma, vzeroupper, clflush, clflushopt, hv, rdtscp, rdpid, f16c
Processor Information for processor 0
  Max Mhz: 2100, Current Mhz: 1813, Mhz Limit: 2100
Processor Information for processor 1
  Max Mhz: 2100, Current Mhz: 1893, Mhz Limit: 2100
Processor Information for processor 2
  Max Mhz: 2100, Current Mhz: 1813, Mhz Limit: 2100
Processor Information for processor 3
  Max Mhz: 2100, Current Mhz: 1893, Mhz Limit: 2100
Processor Information for processor 4
  Max Mhz: 2100, Current Mhz: 1893, Mhz Limit: 2100
Processor Information for processor 5
  Max Mhz: 2100, Current Mhz: 1813, Mhz Limit: 2100
Processor Information for processor 6
  Max Mhz: 2100, Current Mhz: 1893, Mhz Limit: 2100
Processor Information for processor 7
  Max Mhz: 2100, Current Mhz: 1813, Mhz Limit: 2100
Processor Information for processor 8
  Max Mhz: 2100, Current Mhz: 1813, Mhz Limit: 2100
Processor Information for processor 9
  Max Mhz: 2100, Current Mhz: 1813, Mhz Limit: 2100
Processor Information for processor 10
  Max Mhz: 2100, Current Mhz: 1813, Mhz Limit: 2100
Processor Information for processor 11
  Max Mhz: 2100, Current Mhz: 1813, Mhz Limit: 2100

Memory: 4k page, system-wide physical 15693M (3315M free)
TotalPageFile size 17893M (AvailPageFile size 184M)
current process WorkingSet (physical memory assigned to process): 123M, peak: 123M
current process commit charge ("private bytes"): 371M, peak: 371M

vm_info: OpenJDK 64-Bit Server VM (21.0.6+7-LTS) for windows-amd64 JRE (21.0.6+7-LTS), built on 2025-01-07T23:42:01Z by "Administrator" with MS VC++ 16.10 / 16.11 (VS2019)

END.
